{"/Users/hadrienchauvin/code/ts-grpc/lib/examples/server_stream/index.js":{"path":"/Users/hadrienchauvin/code/ts-grpc/lib/examples/server_stream/index.js","statementMap":{"0":{"start":{"line":2,"column":0},"end":{"line":2,"column":62}},"1":{"start":{"line":10,"column":16},"end":{"line":10,"column":34}},"2":{"start":{"line":11,"column":17},"end":{"line":11,"column":58}},"3":{"start":{"line":12,"column":17},"end":{"line":12,"column":58}},"4":{"start":{"line":13,"column":17},"end":{"line":13,"column":62}},"5":{"start":{"line":14,"column":17},"end":{"line":14,"column":62}},"6":{"start":{"line":15,"column":18},"end":{"line":15,"column":38}},"7":{"start":{"line":16,"column":13},"end":{"line":16,"column":28}},"8":{"start":{"line":17,"column":18},"end":{"line":17,"column":38}},"9":{"start":{"line":18,"column":14},"end":{"line":18,"column":34}},"10":{"start":{"line":19,"column":17},"end":{"line":19,"column":34}},"11":{"start":{"line":20,"column":0},"end":{"line":25,"column":3}},"12":{"start":{"line":30,"column":19},"end":{"line":30,"column":32}},"13":{"start":{"line":31,"column":4},"end":{"line":36,"column":5}},"14":{"start":{"line":32,"column":8},"end":{"line":32,"column":81}},"15":{"start":{"line":35,"column":8},"end":{"line":35,"column":23}},"16":{"start":{"line":39,"column":16},"end":{"line":39,"column":25}},"17":{"start":{"line":40,"column":4},"end":{"line":40,"column":161}},"18":{"start":{"line":41,"column":19},"end":{"line":41,"column":50}},"19":{"start":{"line":42,"column":17},"end":{"line":42,"column":38}},"20":{"start":{"line":43,"column":4},"end":{"line":43,"column":26}},"21":{"start":{"line":44,"column":4},"end":{"line":44,"column":18}},"22":{"start":{"line":47,"column":19},"end":{"line":47,"column":149}},"23":{"start":{"line":49,"column":22},"end":{"line":49,"column":59}},"24":{"start":{"line":50,"column":4},"end":{"line":50,"column":35}},"25":{"start":{"line":54,"column":19},"end":{"line":54,"column":85}},"26":{"start":{"line":55,"column":4},"end":{"line":55,"column":47}},"27":{"start":{"line":57,"column":4},"end":{"line":66,"column":5}},"28":{"start":{"line":58,"column":23},"end":{"line":60,"column":10}},"29":{"start":{"line":59,"column":12},"end":{"line":59,"column":52}},"30":{"start":{"line":59,"column":29},"end":{"line":59,"column":44}},"31":{"start":{"line":61,"column":8},"end":{"line":61,"column":60}},"32":{"start":{"line":62,"column":8},"end":{"line":62,"column":85}},"33":{"start":{"line":65,"column":8},"end":{"line":65,"column":58}},"34":{"start":{"line":69,"column":4},"end":{"line":84,"column":7}},"35":{"start":{"line":72,"column":8},"end":{"line":72,"column":39}},"36":{"start":{"line":75,"column":8},"end":{"line":75,"column":67}},"37":{"start":{"line":78,"column":8},"end":{"line":78,"column":38}}},"fnMap":{"0":{"name":"main","decl":{"start":{"line":26,"column":15},"end":{"line":26,"column":19}},"loc":{"start":{"line":26,"column":22},"end":{"line":37,"column":1}},"line":26},"1":{"name":"setupServer","decl":{"start":{"line":38,"column":9},"end":{"line":38,"column":20}},"loc":{"start":{"line":38,"column":23},"end":{"line":45,"column":1}},"line":38},"2":{"name":"clientInteraction","decl":{"start":{"line":46,"column":15},"end":{"line":46,"column":32}},"loc":{"start":{"line":46,"column":48},"end":{"line":67,"column":1}},"line":46},"3":{"name":"(anonymous_3)","decl":{"start":{"line":58,"column":57},"end":{"line":58,"column":58}},"loc":{"start":{"line":58,"column":63},"end":{"line":60,"column":9}},"line":58},"4":{"name":"(anonymous_4)","decl":{"start":{"line":59,"column":23},"end":{"line":59,"column":24}},"loc":{"start":{"line":59,"column":29},"end":{"line":59,"column":44}},"line":59},"5":{"name":"streamNumbers","decl":{"start":{"line":68,"column":9},"end":{"line":68,"column":22}},"loc":{"start":{"line":68,"column":31},"end":{"line":85,"column":1}},"line":68},"6":{"name":"(anonymous_6)","decl":{"start":{"line":71,"column":21},"end":{"line":71,"column":22}},"loc":{"start":{"line":71,"column":27},"end":{"line":73,"column":5}},"line":71},"7":{"name":"(anonymous_7)","decl":{"start":{"line":74,"column":23},"end":{"line":74,"column":24}},"loc":{"start":{"line":74,"column":34},"end":{"line":76,"column":5}},"line":74},"8":{"name":"(anonymous_8)","decl":{"start":{"line":77,"column":24},"end":{"line":77,"column":25}},"loc":{"start":{"line":77,"column":30},"end":{"line":79,"column":5}},"line":77}},"branchMap":{},"s":{"0":1,"1":1,"2":1,"3":1,"4":1,"5":1,"6":1,"7":1,"8":1,"9":1,"10":1,"11":1,"12":1,"13":1,"14":1,"15":1,"16":1,"17":1,"18":1,"19":1,"20":1,"21":1,"22":1,"23":1,"24":1,"25":1,"26":1,"27":1,"28":1,"29":1,"30":1,"31":1,"32":1,"33":1,"34":2,"35":2,"36":6,"37":1},"f":{"0":1,"1":1,"2":1,"3":1,"4":1,"5":2,"6":2,"7":6,"8":1},"b":{},"_coverageSchema":"d34fc3e6b8297bcde183f5492bcb8fcb36775295","hash":"93ece29278e18b0cb937e1eb5ee459168dcd8a0e","contentHash":"d4a94ffd25e4d0dbef541b3c8df72d08"},"/Users/hadrienchauvin/code/ts-grpc/lib/src/context/empty/server.js":{"path":"/Users/hadrienchauvin/code/ts-grpc/lib/src/context/empty/server.js","statementMap":{"0":{"start":{"line":2,"column":0},"end":{"line":2,"column":62}},"1":{"start":{"line":6,"column":8},"end":{"line":6,"column":18}},"2":{"start":{"line":9,"column":8},"end":{"line":9,"column":18}},"3":{"start":{"line":12,"column":0},"end":{"line":12,"column":66}}},"fnMap":{"0":{"name":"(anonymous_0)","decl":{"start":{"line":4,"column":4},"end":{"line":4,"column":5}},"loc":{"start":{"line":4,"column":18},"end":{"line":4,"column":21}},"line":4},"1":{"name":"(anonymous_1)","decl":{"start":{"line":5,"column":4},"end":{"line":5,"column":5}},"loc":{"start":{"line":5,"column":55},"end":{"line":7,"column":5}},"line":5},"2":{"name":"(anonymous_2)","decl":{"start":{"line":8,"column":4},"end":{"line":8,"column":5}},"loc":{"start":{"line":8,"column":35},"end":{"line":10,"column":5}},"line":8}},"branchMap":{},"s":{"0":1,"1":3,"2":3,"3":1},"f":{"0":1,"1":3,"2":3},"b":{},"_coverageSchema":"d34fc3e6b8297bcde183f5492bcb8fcb36775295","hash":"ce42e460df5778ebe700d24e480e2fe876845635","contentHash":"19df4e8555345b31436d2a3940f35f13"},"/Users/hadrienchauvin/code/ts-grpc/lib/src/context/empty/client.js":{"path":"/Users/hadrienchauvin/code/ts-grpc/lib/src/context/empty/client.js","statementMap":{"0":{"start":{"line":2,"column":0},"end":{"line":2,"column":62}},"1":{"start":{"line":5,"column":8},"end":{"line":5,"column":18}},"2":{"start":{"line":8,"column":8},"end":{"line":8,"column":18}},"3":{"start":{"line":11,"column":0},"end":{"line":11,"column":66}}},"fnMap":{"0":{"name":"(anonymous_0)","decl":{"start":{"line":4,"column":4},"end":{"line":4,"column":5}},"loc":{"start":{"line":4,"column":34},"end":{"line":6,"column":5}},"line":4},"1":{"name":"(anonymous_1)","decl":{"start":{"line":7,"column":4},"end":{"line":7,"column":5}},"loc":{"start":{"line":7,"column":57},"end":{"line":9,"column":5}},"line":7}},"branchMap":{},"s":{"0":1,"1":3,"2":3,"3":1},"f":{"0":3,"1":3},"b":{},"_coverageSchema":"d34fc3e6b8297bcde183f5492bcb8fcb36775295","hash":"ce2a3f981e227abe6d0d13861cd25a4af683ce71","contentHash":"1792176eea03541ab13c236957ecba9e"},"/Users/hadrienchauvin/code/ts-grpc/lib/src/protocol/grpc_web/server.js":{"path":"/Users/hadrienchauvin/code/ts-grpc/lib/src/protocol/grpc_web/server.js","statementMap":{"0":{"start":{"line":2,"column":0},"end":{"line":2,"column":62}},"1":{"start":{"line":14,"column":18},"end":{"line":14,"column":36}},"2":{"start":{"line":15,"column":14},"end":{"line":15,"column":42}},"3":{"start":{"line":16,"column":12},"end":{"line":16,"column":28}},"4":{"start":{"line":17,"column":19},"end":{"line":17,"column":41}},"5":{"start":{"line":18,"column":20},"end":{"line":18,"column":42}},"6":{"start":{"line":19,"column":22},"end":{"line":19,"column":54}},"7":{"start":{"line":20,"column":15},"end":{"line":20,"column":40}},"8":{"start":{"line":21,"column":21},"end":{"line":21,"column":52}},"9":{"start":{"line":22,"column":18},"end":{"line":22,"column":39}},"10":{"start":{"line":23,"column":26},"end":{"line":23,"column":54}},"11":{"start":{"line":24,"column":17},"end":{"line":24,"column":34}},"12":{"start":{"line":25,"column":26},"end":{"line":25,"column":52}},"13":{"start":{"line":27,"column":20},"end":{"line":27,"column":21}},"14":{"start":{"line":29,"column":21},"end":{"line":29,"column":25}},"15":{"start":{"line":34,"column":19},"end":{"line":34,"column":55}},"16":{"start":{"line":35,"column":18},"end":{"line":35,"column":79}},"17":{"start":{"line":37,"column":4},"end":{"line":37,"column":48}},"18":{"start":{"line":38,"column":4},"end":{"line":41,"column":5}},"19":{"start":{"line":40,"column":8},"end":{"line":40,"column":34}},"20":{"start":{"line":42,"column":4},"end":{"line":139,"column":5}},"21":{"start":{"line":43,"column":8},"end":{"line":45,"column":9}},"22":{"start":{"line":44,"column":12},"end":{"line":44,"column":157}},"23":{"start":{"line":46,"column":8},"end":{"line":138,"column":11}},"24":{"start":{"line":47,"column":12},"end":{"line":50,"column":13}},"25":{"start":{"line":48,"column":16},"end":{"line":48,"column":60}},"26":{"start":{"line":49,"column":16},"end":{"line":49,"column":23}},"27":{"start":{"line":51,"column":12},"end":{"line":54,"column":13}},"28":{"start":{"line":52,"column":16},"end":{"line":52,"column":57}},"29":{"start":{"line":53,"column":16},"end":{"line":53,"column":23}},"30":{"start":{"line":55,"column":12},"end":{"line":137,"column":13}},"31":{"start":{"line":57,"column":46},"end":{"line":59,"column":65}},"32":{"start":{"line":57,"column":84},"end":{"line":59,"column":64}},"33":{"start":{"line":61,"column":39},"end":{"line":61,"column":111}},"34":{"start":{"line":63,"column":37},"end":{"line":63,"column":61}},"35":{"start":{"line":64,"column":16},"end":{"line":69,"column":17}},"36":{"start":{"line":65,"column":20},"end":{"line":65,"column":72}},"37":{"start":{"line":68,"column":20},"end":{"line":68,"column":76}},"38":{"start":{"line":71,"column":38},"end":{"line":71,"column":60}},"39":{"start":{"line":72,"column":40},"end":{"line":72,"column":50}},"40":{"start":{"line":73,"column":16},"end":{"line":84,"column":17}},"41":{"start":{"line":74,"column":20},"end":{"line":74,"column":162}},"42":{"start":{"line":76,"column":21},"end":{"line":84,"column":17}},"43":{"start":{"line":77,"column":20},"end":{"line":77,"column":133}},"44":{"start":{"line":89,"column":16},"end":{"line":89,"column":60}},"45":{"start":{"line":90,"column":16},"end":{"line":95,"column":17}},"46":{"start":{"line":91,"column":20},"end":{"line":91,"column":87}},"47":{"start":{"line":94,"column":20},"end":{"line":94,"column":72}},"48":{"start":{"line":101,"column":16},"end":{"line":117,"column":17}},"49":{"start":{"line":102,"column":20},"end":{"line":102,"column":64}},"50":{"start":{"line":105,"column":20},"end":{"line":107,"column":21}},"51":{"start":{"line":106,"column":24},"end":{"line":106,"column":76}},"52":{"start":{"line":108,"column":20},"end":{"line":110,"column":52}},"53":{"start":{"line":113,"column":20},"end":{"line":113,"column":53}},"54":{"start":{"line":114,"column":20},"end":{"line":116,"column":22}},"55":{"start":{"line":118,"column":38},"end":{"line":118,"column":86}},"56":{"start":{"line":119,"column":16},"end":{"line":136,"column":17}},"57":{"start":{"line":120,"column":20},"end":{"line":132,"column":21}},"58":{"start":{"line":122,"column":24},"end":{"line":122,"column":44}},"59":{"start":{"line":123,"column":24},"end":{"line":125,"column":27}},"60":{"start":{"line":124,"column":28},"end":{"line":124,"column":56}},"61":{"start":{"line":126,"column":24},"end":{"line":126,"column":35}},"62":{"start":{"line":128,"column":25},"end":{"line":132,"column":21}},"63":{"start":{"line":130,"column":24},"end":{"line":130,"column":98}},"64":{"start":{"line":131,"column":24},"end":{"line":131,"column":35}},"65":{"start":{"line":140,"column":4},"end":{"line":140,"column":18}},"66":{"start":{"line":142,"column":0},"end":{"line":142,"column":54}},"67":{"start":{"line":145,"column":4},"end":{"line":149,"column":44}},"68":{"start":{"line":146,"column":8},"end":{"line":146,"column":46}},"69":{"start":{"line":147,"column":8},"end":{"line":147,"column":40}},"70":{"start":{"line":148,"column":8},"end":{"line":148,"column":36}},"71":{"start":{"line":151,"column":4},"end":{"line":151,"column":66}},"72":{"start":{"line":152,"column":17},"end":{"line":152,"column":38}},"73":{"start":{"line":154,"column":4},"end":{"line":158,"column":7}},"74":{"start":{"line":155,"column":8},"end":{"line":157,"column":9}},"75":{"start":{"line":156,"column":12},"end":{"line":156,"column":20}},"76":{"start":{"line":159,"column":4},"end":{"line":257,"column":5}},"77":{"start":{"line":161,"column":8},"end":{"line":231,"column":11}},"78":{"start":{"line":162,"column":12},"end":{"line":230,"column":31}},"79":{"start":{"line":164,"column":20},"end":{"line":185,"column":21}},"80":{"start":{"line":166,"column":24},"end":{"line":171,"column":25}},"81":{"start":{"line":167,"column":28},"end":{"line":167,"column":154}},"82":{"start":{"line":169,"column":29},"end":{"line":171,"column":25}},"83":{"start":{"line":170,"column":28},"end":{"line":170,"column":168}},"84":{"start":{"line":173,"column":24},"end":{"line":178,"column":25}},"85":{"start":{"line":174,"column":28},"end":{"line":174,"column":45}},"86":{"start":{"line":180,"column":24},"end":{"line":180,"column":34}},"87":{"start":{"line":181,"column":24},"end":{"line":181,"column":52}},"88":{"start":{"line":184,"column":24},"end":{"line":184,"column":36}},"89":{"start":{"line":188,"column":20},"end":{"line":218,"column":21}},"90":{"start":{"line":190,"column":24},"end":{"line":195,"column":25}},"91":{"start":{"line":191,"column":28},"end":{"line":191,"column":162}},"92":{"start":{"line":193,"column":29},"end":{"line":195,"column":25}},"93":{"start":{"line":194,"column":28},"end":{"line":194,"column":170}},"94":{"start":{"line":198,"column":24},"end":{"line":204,"column":25}},"95":{"start":{"line":199,"column":28},"end":{"line":199,"column":98}},"96":{"start":{"line":203,"column":28},"end":{"line":203,"column":164}},"97":{"start":{"line":206,"column":24},"end":{"line":208,"column":25}},"98":{"start":{"line":207,"column":28},"end":{"line":207,"column":113}},"99":{"start":{"line":209,"column":24},"end":{"line":214,"column":25}},"100":{"start":{"line":210,"column":28},"end":{"line":210,"column":71}},"101":{"start":{"line":217,"column":24},"end":{"line":217,"column":36}},"102":{"start":{"line":222,"column":16},"end":{"line":227,"column":17}},"103":{"start":{"line":223,"column":20},"end":{"line":223,"column":118}},"104":{"start":{"line":228,"column":16},"end":{"line":228,"column":26}},"105":{"start":{"line":234,"column":8},"end":{"line":234,"column":34}},"106":{"start":{"line":235,"column":8},"end":{"line":235,"column":44}},"107":{"start":{"line":238,"column":8},"end":{"line":248,"column":9}},"108":{"start":{"line":239,"column":12},"end":{"line":239,"column":56}},"109":{"start":{"line":240,"column":12},"end":{"line":242,"column":13}},"110":{"start":{"line":241,"column":16},"end":{"line":241,"column":68}},"111":{"start":{"line":245,"column":12},"end":{"line":247,"column":14}},"112":{"start":{"line":249,"column":8},"end":{"line":255,"column":9}},"113":{"start":{"line":250,"column":12},"end":{"line":250,"column":121}},"114":{"start":{"line":251,"column":12},"end":{"line":251,"column":23}},"115":{"start":{"line":256,"column":8},"end":{"line":256,"column":15}},"116":{"start":{"line":258,"column":4},"end":{"line":263,"column":5}},"117":{"start":{"line":259,"column":8},"end":{"line":259,"column":19}},"118":{"start":{"line":267,"column":21},"end":{"line":267,"column":65}},"119":{"start":{"line":269,"column":4},"end":{"line":269,"column":66}},"120":{"start":{"line":271,"column":4},"end":{"line":278,"column":5}},"121":{"start":{"line":272,"column":8},"end":{"line":272,"column":90}},"122":{"start":{"line":273,"column":8},"end":{"line":273,"column":106}},"123":{"start":{"line":274,"column":8},"end":{"line":274,"column":19}},"124":{"start":{"line":277,"column":8},"end":{"line":277,"column":64}},"125":{"start":{"line":284,"column":35},"end":{"line":284,"column":91}},"126":{"start":{"line":285,"column":4},"end":{"line":289,"column":7}},"127":{"start":{"line":286,"column":8},"end":{"line":288,"column":9}},"128":{"start":{"line":287,"column":12},"end":{"line":287,"column":39}},"129":{"start":{"line":296,"column":4},"end":{"line":298,"column":5}},"130":{"start":{"line":297,"column":8},"end":{"line":297,"column":15}},"131":{"start":{"line":299,"column":4},"end":{"line":304,"column":5}},"132":{"start":{"line":300,"column":8},"end":{"line":300,"column":26}},"133":{"start":{"line":303,"column":8},"end":{"line":303,"column":57}},"134":{"start":{"line":308,"column":16},"end":{"line":308,"column":67}},"135":{"start":{"line":309,"column":4},"end":{"line":309,"column":33}},"136":{"start":{"line":310,"column":4},"end":{"line":310,"column":52}},"137":{"start":{"line":311,"column":4},"end":{"line":313,"column":5}},"138":{"start":{"line":312,"column":8},"end":{"line":312,"column":59}},"139":{"start":{"line":314,"column":4},"end":{"line":314,"column":15}}},"fnMap":{"0":{"name":"registerGrpcWebRoutes","decl":{"start":{"line":33,"column":9},"end":{"line":33,"column":30}},"loc":{"start":{"line":33,"column":104},"end":{"line":141,"column":1}},"line":33},"1":{"name":"(anonymous_1)","decl":{"start":{"line":46,"column":33},"end":{"line":46,"column":34}},"loc":{"start":{"line":46,"column":54},"end":{"line":138,"column":9}},"line":46},"2":{"name":"(anonymous_2)","decl":{"start":{"line":57,"column":75},"end":{"line":57,"column":76}},"loc":{"start":{"line":57,"column":84},"end":{"line":59,"column":64}},"line":57},"3":{"name":"(anonymous_3)","decl":{"start":{"line":123,"column":46},"end":{"line":123,"column":47}},"loc":{"start":{"line":123,"column":63},"end":{"line":125,"column":25}},"line":123},"4":{"name":"processServerStream","decl":{"start":{"line":143,"column":15},"end":{"line":143,"column":34}},"loc":{"start":{"line":143,"column":143},"end":{"line":264,"column":1}},"line":143},"5":{"name":"(anonymous_5)","decl":{"start":{"line":145,"column":5},"end":{"line":145,"column":6}},"loc":{"start":{"line":145,"column":29},"end":{"line":149,"column":5}},"line":145},"6":{"name":"(anonymous_6)","decl":{"start":{"line":154,"column":21},"end":{"line":154,"column":22}},"loc":{"start":{"line":154,"column":27},"end":{"line":158,"column":5}},"line":154},"7":{"name":"(anonymous_7)","decl":{"start":{"line":161,"column":26},"end":{"line":161,"column":27}},"loc":{"start":{"line":161,"column":47},"end":{"line":231,"column":9}},"line":161},"8":{"name":"(anonymous_8)","decl":{"start":{"line":163,"column":25},"end":{"line":163,"column":26}},"loc":{"start":{"line":163,"column":30},"end":{"line":186,"column":17}},"line":163},"9":{"name":"(anonymous_9)","decl":{"start":{"line":187,"column":27},"end":{"line":187,"column":28}},"loc":{"start":{"line":187,"column":38},"end":{"line":219,"column":17}},"line":187},"10":{"name":"(anonymous_10)","decl":{"start":{"line":221,"column":22},"end":{"line":221,"column":23}},"loc":{"start":{"line":221,"column":28},"end":{"line":229,"column":13}},"line":221},"11":{"name":"processUnary","decl":{"start":{"line":265,"column":15},"end":{"line":265,"column":27}},"loc":{"start":{"line":265,"column":122},"end":{"line":279,"column":1}},"line":265},"12":{"name":"addEncodedResponseContext","decl":{"start":{"line":283,"column":15},"end":{"line":283,"column":40}},"loc":{"start":{"line":283,"column":76},"end":{"line":290,"column":1}},"line":283},"13":{"name":"(anonymous_13)","decl":{"start":{"line":285,"column":50},"end":{"line":285,"column":51}},"loc":{"start":{"line":285,"column":68},"end":{"line":289,"column":5}},"line":285},"14":{"name":"safeCaptureError","decl":{"start":{"line":295,"column":9},"end":{"line":295,"column":25}},"loc":{"start":{"line":295,"column":45},"end":{"line":305,"column":1}},"line":295},"15":{"name":"encodeFrame","decl":{"start":{"line":307,"column":9},"end":{"line":307,"column":20}},"loc":{"start":{"line":307,"column":48},"end":{"line":315,"column":1}},"line":307}},"branchMap":{"0":{"loc":{"start":{"line":33,"column":90},"end":{"line":33,"column":102}},"type":"default-arg","locations":[{"start":{"line":33,"column":100},"end":{"line":33,"column":102}}],"line":33},"1":{"loc":{"start":{"line":34,"column":19},"end":{"line":34,"column":55}},"type":"binary-expr","locations":[{"start":{"line":34,"column":19},"end":{"line":34,"column":33}},{"start":{"line":34,"column":37},"end":{"line":34,"column":55}}],"line":34},"2":{"loc":{"start":{"line":35,"column":18},"end":{"line":35,"column":79}},"type":"binary-expr","locations":[{"start":{"line":35,"column":18},"end":{"line":35,"column":31}},{"start":{"line":35,"column":35},"end":{"line":35,"column":79}}],"line":35},"3":{"loc":{"start":{"line":38,"column":4},"end":{"line":41,"column":5}},"type":"if","locations":[{"start":{"line":38,"column":4},"end":{"line":41,"column":5}},{"start":{"line":38,"column":4},"end":{"line":41,"column":5}}],"line":38},"4":{"loc":{"start":{"line":43,"column":8},"end":{"line":45,"column":9}},"type":"if","locations":[{"start":{"line":43,"column":8},"end":{"line":45,"column":9}},{"start":{"line":43,"column":8},"end":{"line":45,"column":9}}],"line":43},"5":{"loc":{"start":{"line":47,"column":12},"end":{"line":50,"column":13}},"type":"if","locations":[{"start":{"line":47,"column":12},"end":{"line":50,"column":13}},{"start":{"line":47,"column":12},"end":{"line":50,"column":13}}],"line":47},"6":{"loc":{"start":{"line":51,"column":12},"end":{"line":54,"column":13}},"type":"if","locations":[{"start":{"line":51,"column":12},"end":{"line":54,"column":13}},{"start":{"line":51,"column":12},"end":{"line":54,"column":13}}],"line":51},"7":{"loc":{"start":{"line":57,"column":84},"end":{"line":59,"column":64}},"type":"cond-expr","locations":[{"start":{"line":58,"column":22},"end":{"line":58,"column":27}}],"line":57},"8":{"loc":{"start":{"line":73,"column":16},"end":{"line":84,"column":17}},"type":"if","locations":[{"start":{"line":73,"column":16},"end":{"line":84,"column":17}},{"start":{"line":73,"column":16},"end":{"line":84,"column":17}}],"line":73},"9":{"loc":{"start":{"line":76,"column":21},"end":{"line":84,"column":17}},"type":"if","locations":[{"start":{"line":76,"column":21},"end":{"line":84,"column":17}},{"start":{"line":76,"column":21},"end":{"line":84,"column":17}}],"line":76},"10":{"loc":{"start":{"line":101,"column":16},"end":{"line":117,"column":17}},"type":"if","locations":[{"start":{"line":101,"column":16},"end":{"line":117,"column":17}},{"start":{"line":101,"column":16},"end":{"line":117,"column":17}}],"line":101},"11":{"loc":{"start":{"line":105,"column":20},"end":{"line":107,"column":21}},"type":"if","locations":[{"start":{"line":105,"column":20},"end":{"line":107,"column":21}},{"start":{"line":105,"column":20},"end":{"line":107,"column":21}}],"line":105},"12":{"loc":{"start":{"line":109,"column":24},"end":{"line":110,"column":31}},"type":"binary-expr","locations":[{"start":{"line":109,"column":24},"end":{"line":109,"column":77}},{"start":{"line":110,"column":28},"end":{"line":110,"column":31}}],"line":109},"13":{"loc":{"start":{"line":120,"column":20},"end":{"line":132,"column":21}},"type":"if","locations":[{"start":{"line":120,"column":20},"end":{"line":132,"column":21}},{"start":{"line":120,"column":20},"end":{"line":132,"column":21}}],"line":120},"14":{"loc":{"start":{"line":128,"column":25},"end":{"line":132,"column":21}},"type":"if","locations":[{"start":{"line":128,"column":25},"end":{"line":132,"column":21}},{"start":{"line":128,"column":25},"end":{"line":132,"column":21}}],"line":128},"15":{"loc":{"start":{"line":149,"column":7},"end":{"line":149,"column":42}},"type":"binary-expr","locations":[{"start":{"line":149,"column":7},"end":{"line":149,"column":19}},{"start":{"line":149,"column":24},"end":{"line":149,"column":41}}],"line":149},"16":{"loc":{"start":{"line":155,"column":8},"end":{"line":157,"column":9}},"type":"if","locations":[{"start":{"line":155,"column":8},"end":{"line":157,"column":9}},{"start":{"line":155,"column":8},"end":{"line":157,"column":9}}],"line":155},"17":{"loc":{"start":{"line":166,"column":24},"end":{"line":171,"column":25}},"type":"if","locations":[{"start":{"line":166,"column":24},"end":{"line":171,"column":25}},{"start":{"line":166,"column":24},"end":{"line":171,"column":25}}],"line":166},"18":{"loc":{"start":{"line":169,"column":29},"end":{"line":171,"column":25}},"type":"if","locations":[{"start":{"line":169,"column":29},"end":{"line":171,"column":25}},{"start":{"line":169,"column":29},"end":{"line":171,"column":25}}],"line":169},"19":{"loc":{"start":{"line":190,"column":24},"end":{"line":195,"column":25}},"type":"if","locations":[{"start":{"line":190,"column":24},"end":{"line":195,"column":25}},{"start":{"line":190,"column":24},"end":{"line":195,"column":25}}],"line":190},"20":{"loc":{"start":{"line":193,"column":29},"end":{"line":195,"column":25}},"type":"if","locations":[{"start":{"line":193,"column":29},"end":{"line":195,"column":25}},{"start":{"line":193,"column":29},"end":{"line":195,"column":25}}],"line":193},"21":{"loc":{"start":{"line":206,"column":24},"end":{"line":208,"column":25}},"type":"if","locations":[{"start":{"line":206,"column":24},"end":{"line":208,"column":25}},{"start":{"line":206,"column":24},"end":{"line":208,"column":25}}],"line":206},"22":{"loc":{"start":{"line":238,"column":8},"end":{"line":248,"column":9}},"type":"if","locations":[{"start":{"line":238,"column":8},"end":{"line":248,"column":9}},{"start":{"line":238,"column":8},"end":{"line":248,"column":9}}],"line":238},"23":{"loc":{"start":{"line":240,"column":12},"end":{"line":242,"column":13}},"type":"if","locations":[{"start":{"line":240,"column":12},"end":{"line":242,"column":13}},{"start":{"line":240,"column":12},"end":{"line":242,"column":13}}],"line":240},"24":{"loc":{"start":{"line":286,"column":8},"end":{"line":288,"column":9}},"type":"if","locations":[{"start":{"line":286,"column":8},"end":{"line":288,"column":9}},{"start":{"line":286,"column":8},"end":{"line":288,"column":9}}],"line":286},"25":{"loc":{"start":{"line":296,"column":4},"end":{"line":298,"column":5}},"type":"if","locations":[{"start":{"line":296,"column":4},"end":{"line":298,"column":5}},{"start":{"line":296,"column":4},"end":{"line":298,"column":5}}],"line":296}},"s":{"0":1,"1":1,"2":1,"3":1,"4":1,"5":1,"6":1,"7":1,"8":1,"9":1,"10":1,"11":1,"12":1,"13":1,"14":1,"15":1,"16":1,"17":1,"18":1,"19":0,"20":1,"21":2,"22":0,"23":2,"24":3,"25":0,"26":0,"27":3,"28":0,"29":0,"30":3,"31":3,"32":18,"33":3,"34":3,"35":3,"36":3,"37":0,"38":3,"39":3,"40":3,"41":2,"42":1,"43":1,"44":0,"45":0,"46":0,"47":0,"48":0,"49":0,"50":0,"51":0,"52":0,"53":0,"54":0,"55":0,"56":0,"57":0,"58":0,"59":0,"60":0,"61":0,"62":0,"63":0,"64":0,"65":1,"66":1,"67":2,"68":2,"69":2,"70":2,"71":2,"72":2,"73":2,"74":0,"75":0,"76":2,"77":2,"78":2,"79":2,"80":2,"81":0,"82":2,"83":0,"84":2,"85":2,"86":2,"87":2,"88":0,"89":6,"90":6,"91":0,"92":6,"93":0,"94":6,"95":6,"96":0,"97":6,"98":0,"99":6,"100":6,"101":0,"102":2,"103":2,"104":2,"105":0,"106":0,"107":0,"108":0,"109":0,"110":0,"111":0,"112":0,"113":0,"114":0,"115":0,"116":2,"117":2,"118":1,"119":1,"120":1,"121":1,"122":1,"123":1,"124":0,"125":3,"126":3,"127":0,"128":0,"129":0,"130":0,"131":0,"132":0,"133":0,"134":10,"135":10,"136":10,"137":10,"138":90,"139":10},"f":{"0":1,"1":3,"2":18,"3":0,"4":2,"5":2,"6":0,"7":2,"8":2,"9":6,"10":2,"11":1,"12":3,"13":0,"14":0,"15":10},"b":{"0":[1],"1":[1,1],"2":[1,1],"3":[0,1],"4":[0,2],"5":[0,3],"6":[0,3],"7":[18],"8":[2,1],"9":[1,0],"10":[0,0],"11":[0,0],"12":[0,0],"13":[0,0],"14":[0,0],"15":[2,2],"16":[0,0],"17":[0,2],"18":[0,2],"19":[0,6],"20":[0,6],"21":[0,6],"22":[0,0],"23":[0,0],"24":[0,0],"25":[0,0]},"_coverageSchema":"d34fc3e6b8297bcde183f5492bcb8fcb36775295","hash":"a6ba7edd3f4f3cc3e331a57a2fbb1f4c616634d0","contentHash":"e1be430fe6cc6790b250a1b31a1b8c1f"},"/Users/hadrienchauvin/code/ts-grpc/lib/src/utils/utils.js":{"path":"/Users/hadrienchauvin/code/ts-grpc/lib/src/utils/utils.js","statementMap":{"0":{"start":{"line":9,"column":0},"end":{"line":9,"column":62}},"1":{"start":{"line":10,"column":15},"end":{"line":10,"column":32}},"2":{"start":{"line":15,"column":4},"end":{"line":15,"column":35}},"3":{"start":{"line":17,"column":0},"end":{"line":17,"column":20}},"4":{"start":{"line":22,"column":4},"end":{"line":22,"column":35}},"5":{"start":{"line":24,"column":0},"end":{"line":24,"column":30}},"6":{"start":{"line":32,"column":4},"end":{"line":32,"column":26}},"7":{"start":{"line":35,"column":0},"end":{"line":35,"column":20}},"8":{"start":{"line":38,"column":4},"end":{"line":38,"column":29}},"9":{"start":{"line":41,"column":0},"end":{"line":41,"column":26}},"10":{"start":{"line":46,"column":0},"end":{"line":50,"column":36}},"11":{"start":{"line":48,"column":0},"end":{"line":50,"column":35}},"12":{"start":{"line":52,"column":4},"end":{"line":52,"column":57}},"13":{"start":{"line":52,"column":28},"end":{"line":52,"column":55}},"14":{"start":{"line":54,"column":0},"end":{"line":54,"column":22}}},"fnMap":{"0":{"name":"omit","decl":{"start":{"line":14,"column":9},"end":{"line":14,"column":13}},"loc":{"start":{"line":14,"column":23},"end":{"line":16,"column":1}},"line":14},"1":{"name":"mapValues","decl":{"start":{"line":21,"column":9},"end":{"line":21,"column":18}},"loc":{"start":{"line":21,"column":26},"end":{"line":23,"column":1}},"line":21},"2":{"name":"keys","decl":{"start":{"line":30,"column":9},"end":{"line":30,"column":13}},"loc":{"start":{"line":30,"column":17},"end":{"line":34,"column":1}},"line":30},"3":{"name":"entries","decl":{"start":{"line":36,"column":9},"end":{"line":36,"column":16}},"loc":{"start":{"line":36,"column":20},"end":{"line":40,"column":1}},"line":36},"4":{"name":"(anonymous_4)","decl":{"start":{"line":46,"column":25},"end":{"line":46,"column":26}},"loc":{"start":{"line":48,"column":0},"end":{"line":50,"column":35}},"line":48},"5":{"name":"sleep","decl":{"start":{"line":51,"column":15},"end":{"line":51,"column":20}},"loc":{"start":{"line":51,"column":35},"end":{"line":53,"column":1}},"line":51},"6":{"name":"(anonymous_6)","decl":{"start":{"line":52,"column":23},"end":{"line":52,"column":24}},"loc":{"start":{"line":52,"column":28},"end":{"line":52,"column":55}},"line":52}},"branchMap":{"0":{"loc":{"start":{"line":48,"column":0},"end":{"line":50,"column":35}},"type":"binary-expr","locations":[{"start":{"line":48,"column":0},"end":{"line":48,"column":30}},{"start":{"line":49,"column":4},"end":{"line":49,"column":19}},{"start":{"line":50,"column":4},"end":{"line":50,"column":35}}],"line":48}},"s":{"0":1,"1":1,"2":0,"3":1,"4":4,"5":1,"6":0,"7":1,"8":3,"9":1,"10":1,"11":2,"12":0,"13":0,"14":1},"f":{"0":0,"1":4,"2":0,"3":3,"4":2,"5":0,"6":0},"b":{"0":[2,2,2]},"_coverageSchema":"d34fc3e6b8297bcde183f5492bcb8fcb36775295","hash":"11419037352a36900a37c33400bb4f0004ba8628","contentHash":"fc05d0419bf0a24a765c2c307500edf3"},"/Users/hadrienchauvin/code/ts-grpc/lib/src/index.js":{"path":"/Users/hadrienchauvin/code/ts-grpc/lib/src/index.js","statementMap":{"0":{"start":{"line":2,"column":0},"end":{"line":2,"column":62}},"1":{"start":{"line":10,"column":24},"end":{"line":10,"column":54}},"2":{"start":{"line":11,"column":0},"end":{"line":11,"column":42}},"3":{"start":{"line":12,"column":24},"end":{"line":12,"column":54}},"4":{"start":{"line":13,"column":0},"end":{"line":13,"column":42}},"5":{"start":{"line":14,"column":24},"end":{"line":14,"column":54}},"6":{"start":{"line":15,"column":0},"end":{"line":15,"column":42}}},"fnMap":{},"branchMap":{},"s":{"0":1,"1":1,"2":1,"3":1,"4":1,"5":1,"6":1},"f":{},"b":{},"_coverageSchema":"d34fc3e6b8297bcde183f5492bcb8fcb36775295","hash":"36d3b264d2611c12117d38b8c6f5c9229ed730e8","contentHash":"3d2772be7c04628544738d41934448cf"},"/Users/hadrienchauvin/code/ts-grpc/lib/src/common/rpc_common.js":{"path":"/Users/hadrienchauvin/code/ts-grpc/lib/src/common/rpc_common.js","statementMap":{"0":{"start":{"line":2,"column":0},"end":{"line":2,"column":62}},"1":{"start":{"line":3,"column":0},"end":{"line":6,"column":2}},"2":{"start":{"line":10,"column":0},"end":{"line":10,"column":60}},"3":{"start":{"line":16,"column":0},"end":{"line":56,"column":71}},"4":{"start":{"line":18,"column":4},"end":{"line":18,"column":40}},"5":{"start":{"line":20,"column":4},"end":{"line":20,"column":42}},"6":{"start":{"line":26,"column":4},"end":{"line":26,"column":56}},"7":{"start":{"line":28,"column":4},"end":{"line":28,"column":42}},"8":{"start":{"line":30,"column":4},"end":{"line":30,"column":52}},"9":{"start":{"line":35,"column":4},"end":{"line":35,"column":60}},"10":{"start":{"line":37,"column":4},"end":{"line":37,"column":58}},"11":{"start":{"line":43,"column":4},"end":{"line":43,"column":62}},"12":{"start":{"line":48,"column":4},"end":{"line":48,"column":42}},"13":{"start":{"line":53,"column":4},"end":{"line":53,"column":48}},"14":{"start":{"line":55,"column":4},"end":{"line":55,"column":56}}},"fnMap":{"0":{"name":"(anonymous_0)","decl":{"start":{"line":16,"column":1},"end":{"line":16,"column":2}},"loc":{"start":{"line":16,"column":25},"end":{"line":56,"column":1}},"line":16}},"branchMap":{"0":{"loc":{"start":{"line":56,"column":18},"end":{"line":56,"column":69}},"type":"binary-expr","locations":[{"start":{"line":56,"column":18},"end":{"line":56,"column":38}},{"start":{"line":56,"column":43},"end":{"line":56,"column":68}}],"line":56}},"s":{"0":1,"1":1,"2":1,"3":1,"4":1,"5":1,"6":1,"7":1,"8":1,"9":1,"10":1,"11":1,"12":1,"13":1,"14":1},"f":{"0":1},"b":{"0":[1,1]},"_coverageSchema":"d34fc3e6b8297bcde183f5492bcb8fcb36775295","hash":"895288b54e394cf6433e204b6710bf700cd9f487","contentHash":"7ca664afd4b829fcedcb0e4947ecdfc5"},"/Users/hadrienchauvin/code/ts-grpc/lib/src/server/rpc_server.js":{"path":"/Users/hadrienchauvin/code/ts-grpc/lib/src/server/rpc_server.js","statementMap":{"0":{"start":{"line":3,"column":4},"end":{"line":3,"column":71}},"1":{"start":{"line":3,"column":21},"end":{"line":3,"column":71}},"2":{"start":{"line":3,"column":53},"end":{"line":3,"column":71}},"3":{"start":{"line":5,"column":0},"end":{"line":5,"column":62}},"4":{"start":{"line":17,"column":0},"end":{"line":17,"column":30}}},"fnMap":{"0":{"name":"__export","decl":{"start":{"line":2,"column":9},"end":{"line":2,"column":17}},"loc":{"start":{"line":2,"column":21},"end":{"line":4,"column":1}},"line":2}},"branchMap":{"0":{"loc":{"start":{"line":3,"column":21},"end":{"line":3,"column":71}},"type":"if","locations":[{"start":{"line":3,"column":21},"end":{"line":3,"column":71}},{"start":{"line":3,"column":21},"end":{"line":3,"column":71}}],"line":3}},"s":{"0":1,"1":4,"2":4,"3":1,"4":1},"f":{"0":1},"b":{"0":[4,0]},"_coverageSchema":"d34fc3e6b8297bcde183f5492bcb8fcb36775295","hash":"57fb21e8b54199cb15c507655738338d6531dcca","contentHash":"c05a6daae2b57e607200a045a82b596f"},"/Users/hadrienchauvin/code/ts-grpc/lib/src/server/errors.js":{"path":"/Users/hadrienchauvin/code/ts-grpc/lib/src/server/errors.js","statementMap":{"0":{"start":{"line":2,"column":0},"end":{"line":2,"column":62}},"1":{"start":{"line":6,"column":0},"end":{"line":6,"column":34}},"2":{"start":{"line":10,"column":8},"end":{"line":10,"column":36}},"3":{"start":{"line":11,"column":8},"end":{"line":11,"column":23}},"4":{"start":{"line":12,"column":8},"end":{"line":12,"column":31}},"5":{"start":{"line":15,"column":0},"end":{"line":15,"column":52}},"6":{"start":{"line":19,"column":8},"end":{"line":19,"column":56}},"7":{"start":{"line":20,"column":8},"end":{"line":20,"column":27}},"8":{"start":{"line":23,"column":0},"end":{"line":23,"column":52}},"9":{"start":{"line":32,"column":8},"end":{"line":32,"column":64}},"10":{"start":{"line":33,"column":8},"end":{"line":33,"column":35}},"11":{"start":{"line":34,"column":8},"end":{"line":34,"column":65}},"12":{"start":{"line":37,"column":0},"end":{"line":37,"column":40}}},"fnMap":{"0":{"name":"(anonymous_0)","decl":{"start":{"line":9,"column":4},"end":{"line":9,"column":5}},"loc":{"start":{"line":9,"column":30},"end":{"line":13,"column":5}},"line":9},"1":{"name":"(anonymous_1)","decl":{"start":{"line":18,"column":4},"end":{"line":18,"column":5}},"loc":{"start":{"line":18,"column":23},"end":{"line":21,"column":5}},"line":18},"2":{"name":"(anonymous_2)","decl":{"start":{"line":31,"column":4},"end":{"line":31,"column":5}},"loc":{"start":{"line":31,"column":62},"end":{"line":35,"column":5}},"line":31}},"branchMap":{"0":{"loc":{"start":{"line":32,"column":14},"end":{"line":32,"column":62}},"type":"cond-expr","locations":[{"start":{"line":32,"column":24},"end":{"line":32,"column":50}},{"start":{"line":32,"column":53},"end":{"line":32,"column":62}}],"line":32}},"s":{"0":1,"1":1,"2":0,"3":0,"4":0,"5":1,"6":0,"7":0,"8":1,"9":0,"10":0,"11":0,"12":1},"f":{"0":0,"1":0,"2":0},"b":{"0":[0,0]},"_coverageSchema":"d34fc3e6b8297bcde183f5492bcb8fcb36775295","hash":"7fd1f003d68dcd523261f90123406becd6dc1831","contentHash":"55efa7a7b5ec6cee41c64e81c81e52d1"},"/Users/hadrienchauvin/code/ts-grpc/lib/src/client/rpc_client.js":{"path":"/Users/hadrienchauvin/code/ts-grpc/lib/src/client/rpc_client.js","statementMap":{"0":{"start":{"line":14,"column":4},"end":{"line":14,"column":71}},"1":{"start":{"line":14,"column":21},"end":{"line":14,"column":71}},"2":{"start":{"line":14,"column":53},"end":{"line":14,"column":71}},"3":{"start":{"line":16,"column":0},"end":{"line":16,"column":62}},"4":{"start":{"line":17,"column":0},"end":{"line":17,"column":30}},"5":{"start":{"line":18,"column":23},"end":{"line":18,"column":50}},"6":{"start":{"line":19,"column":0},"end":{"line":19,"column":51}},"7":{"start":{"line":20,"column":16},"end":{"line":20,"column":36}},"8":{"start":{"line":21,"column":0},"end":{"line":21,"column":36}},"9":{"start":{"line":22,"column":15},"end":{"line":22,"column":34}},"10":{"start":{"line":23,"column":0},"end":{"line":23,"column":51}},"11":{"start":{"line":24,"column":0},"end":{"line":24,"column":51}}},"fnMap":{"0":{"name":"__export","decl":{"start":{"line":13,"column":9},"end":{"line":13,"column":17}},"loc":{"start":{"line":13,"column":21},"end":{"line":15,"column":1}},"line":13}},"branchMap":{"0":{"loc":{"start":{"line":14,"column":21},"end":{"line":14,"column":71}},"type":"if","locations":[{"start":{"line":14,"column":21},"end":{"line":14,"column":71}},{"start":{"line":14,"column":21},"end":{"line":14,"column":71}}],"line":14}},"s":{"0":1,"1":6,"2":6,"3":1,"4":1,"5":1,"6":1,"7":1,"8":1,"9":1,"10":1,"11":1},"f":{"0":1},"b":{"0":[6,0]},"_coverageSchema":"d34fc3e6b8297bcde183f5492bcb8fcb36775295","hash":"508befe1dfd46949955294076666b2f3fd44fbe2","contentHash":"30977a44ff53188456efec1902f1d55b"},"/Users/hadrienchauvin/code/ts-grpc/lib/src/client/errors.js":{"path":"/Users/hadrienchauvin/code/ts-grpc/lib/src/client/errors.js","statementMap":{"0":{"start":{"line":2,"column":0},"end":{"line":2,"column":62}},"1":{"start":{"line":10,"column":24},"end":{"line":10,"column":55}},"2":{"start":{"line":14,"column":0},"end":{"line":14,"column":34}},"3":{"start":{"line":18,"column":0},"end":{"line":18,"column":50}},"4":{"start":{"line":22,"column":0},"end":{"line":22,"column":68}},"5":{"start":{"line":26,"column":8},"end":{"line":26,"column":36}},"6":{"start":{"line":27,"column":8},"end":{"line":27,"column":23}},"7":{"start":{"line":28,"column":8},"end":{"line":28,"column":31}},"8":{"start":{"line":31,"column":0},"end":{"line":31,"column":50}},"9":{"start":{"line":35,"column":8},"end":{"line":36,"column":56}},"10":{"start":{"line":37,"column":8},"end":{"line":37,"column":27}},"11":{"start":{"line":40,"column":0},"end":{"line":40,"column":52}},"12":{"start":{"line":54,"column":8},"end":{"line":56,"column":55}},"13":{"start":{"line":57,"column":8},"end":{"line":57,"column":35}},"14":{"start":{"line":58,"column":8},"end":{"line":58,"column":23}},"15":{"start":{"line":59,"column":8},"end":{"line":59,"column":31}},"16":{"start":{"line":62,"column":0},"end":{"line":62,"column":40}}},"fnMap":{"0":{"name":"(anonymous_0)","decl":{"start":{"line":25,"column":4},"end":{"line":25,"column":5}},"loc":{"start":{"line":25,"column":30},"end":{"line":29,"column":5}},"line":25},"1":{"name":"(anonymous_1)","decl":{"start":{"line":34,"column":4},"end":{"line":34,"column":5}},"loc":{"start":{"line":34,"column":23},"end":{"line":38,"column":5}},"line":34},"2":{"name":"(anonymous_2)","decl":{"start":{"line":53,"column":4},"end":{"line":53,"column":5}},"loc":{"start":{"line":53,"column":41},"end":{"line":60,"column":5}},"line":53}},"branchMap":{"0":{"loc":{"start":{"line":35,"column":41},"end":{"line":36,"column":52}},"type":"binary-expr","locations":[{"start":{"line":35,"column":41},"end":{"line":35,"column":52}}],"line":35},"1":{"loc":{"start":{"line":54,"column":14},"end":{"line":56,"column":53}},"type":"cond-expr","locations":[{"start":{"line":55,"column":14},"end":{"line":55,"column":89}},{"start":{"line":56,"column":14},"end":{"line":56,"column":53}}],"line":54}},"s":{"0":1,"1":1,"2":1,"3":1,"4":1,"5":0,"6":0,"7":0,"8":1,"9":0,"10":0,"11":1,"12":1,"13":1,"14":1,"15":1,"16":1},"f":{"0":0,"1":0,"2":1},"b":{"0":[0],"1":[0,1]},"_coverageSchema":"d34fc3e6b8297bcde183f5492bcb8fcb36775295","hash":"092fb3b32752224b60ae6f9cd1aad989860b5eaa","contentHash":"3efeed81812eef4a5c3ca26d17e57630"},"/Users/hadrienchauvin/code/ts-grpc/lib/src/client/stream_retrier.js":{"path":"/Users/hadrienchauvin/code/ts-grpc/lib/src/client/stream_retrier.js","statementMap":{"0":{"start":{"line":2,"column":0},"end":{"line":2,"column":62}},"1":{"start":{"line":14,"column":15},"end":{"line":14,"column":32}},"2":{"start":{"line":15,"column":18},"end":{"line":15,"column":38}},"3":{"start":{"line":16,"column":16},"end":{"line":16,"column":41}},"4":{"start":{"line":26,"column":4},"end":{"line":26,"column":115}},"5":{"start":{"line":28,"column":0},"end":{"line":28,"column":34}},"6":{"start":{"line":33,"column":0},"end":{"line":46,"column":54}},"7":{"start":{"line":35,"column":4},"end":{"line":35,"column":47}},"8":{"start":{"line":37,"column":4},"end":{"line":37,"column":47}},"9":{"start":{"line":39,"column":4},"end":{"line":39,"column":43}},"10":{"start":{"line":41,"column":4},"end":{"line":41,"column":49}},"11":{"start":{"line":43,"column":4},"end":{"line":43,"column":51}},"12":{"start":{"line":45,"column":4},"end":{"line":45,"column":49}},"13":{"start":{"line":49,"column":8},"end":{"line":49,"column":16}},"14":{"start":{"line":50,"column":8},"end":{"line":50,"column":35}},"15":{"start":{"line":51,"column":8},"end":{"line":51,"column":31}},"16":{"start":{"line":53,"column":8},"end":{"line":53,"column":49}},"17":{"start":{"line":57,"column":8},"end":{"line":57,"column":39}},"18":{"start":{"line":58,"column":8},"end":{"line":95,"column":10}},"19":{"start":{"line":59,"column":12},"end":{"line":94,"column":25}},"20":{"start":{"line":61,"column":16},"end":{"line":61,"column":55}},"21":{"start":{"line":62,"column":16},"end":{"line":62,"column":35}},"22":{"start":{"line":63,"column":16},"end":{"line":63,"column":47}},"23":{"start":{"line":66,"column":16},"end":{"line":68,"column":17}},"24":{"start":{"line":67,"column":20},"end":{"line":67,"column":50}},"25":{"start":{"line":71,"column":16},"end":{"line":71,"column":58}},"26":{"start":{"line":72,"column":16},"end":{"line":72,"column":38}},"27":{"start":{"line":73,"column":16},"end":{"line":73,"column":21}},"28":{"start":{"line":76,"column":16},"end":{"line":86,"column":17}},"29":{"start":{"line":78,"column":20},"end":{"line":78,"column":63}},"30":{"start":{"line":79,"column":20},"end":{"line":79,"column":86}},"31":{"start":{"line":80,"column":20},"end":{"line":80,"column":44}},"32":{"start":{"line":83,"column":20},"end":{"line":83,"column":61}},"33":{"start":{"line":84,"column":20},"end":{"line":84,"column":87}},"34":{"start":{"line":85,"column":20},"end":{"line":85,"column":108}},"35":{"start":{"line":87,"column":16},"end":{"line":87,"column":21}},"36":{"start":{"line":90,"column":16},"end":{"line":90,"column":58}},"37":{"start":{"line":91,"column":16},"end":{"line":91,"column":38}},"38":{"start":{"line":92,"column":16},"end":{"line":92,"column":21}},"39":{"start":{"line":98,"column":8},"end":{"line":98,"column":26}},"40":{"start":{"line":99,"column":8},"end":{"line":99,"column":20}},"41":{"start":{"line":102,"column":8},"end":{"line":102,"column":50}},"42":{"start":{"line":103,"column":8},"end":{"line":103,"column":63}},"43":{"start":{"line":104,"column":8},"end":{"line":104,"column":20}},"44":{"start":{"line":107,"column":8},"end":{"line":107,"column":54}},"45":{"start":{"line":108,"column":8},"end":{"line":108,"column":49}},"46":{"start":{"line":110,"column":8},"end":{"line":121,"column":9}},"47":{"start":{"line":115,"column":27},"end":{"line":115,"column":43}},"48":{"start":{"line":116,"column":12},"end":{"line":116,"column":66}},"49":{"start":{"line":117,"column":12},"end":{"line":119,"column":15}},"50":{"start":{"line":118,"column":16},"end":{"line":118,"column":45}},"51":{"start":{"line":120,"column":12},"end":{"line":120,"column":44}}},"fnMap":{"0":{"name":"retryStream","decl":{"start":{"line":25,"column":9},"end":{"line":25,"column":20}},"loc":{"start":{"line":25,"column":48},"end":{"line":27,"column":1}},"line":25},"1":{"name":"(anonymous_1)","decl":{"start":{"line":33,"column":1},"end":{"line":33,"column":2}},"loc":{"start":{"line":33,"column":32},"end":{"line":46,"column":1}},"line":33},"2":{"name":"(anonymous_2)","decl":{"start":{"line":48,"column":4},"end":{"line":48,"column":5}},"loc":{"start":{"line":48,"column":36},"end":{"line":96,"column":5}},"line":48},"3":{"name":"(anonymous_3)","decl":{"start":{"line":58,"column":23},"end":{"line":58,"column":24}},"loc":{"start":{"line":58,"column":39},"end":{"line":95,"column":9}},"line":58},"4":{"name":"(anonymous_4)","decl":{"start":{"line":60,"column":29},"end":{"line":60,"column":30}},"loc":{"start":{"line":60,"column":35},"end":{"line":64,"column":13}},"line":60},"5":{"name":"(anonymous_5)","decl":{"start":{"line":65,"column":31},"end":{"line":65,"column":32}},"loc":{"start":{"line":65,"column":42},"end":{"line":69,"column":13}},"line":65},"6":{"name":"(anonymous_6)","decl":{"start":{"line":70,"column":32},"end":{"line":70,"column":33}},"loc":{"start":{"line":70,"column":38},"end":{"line":74,"column":13}},"line":70},"7":{"name":"(anonymous_7)","decl":{"start":{"line":75,"column":29},"end":{"line":75,"column":30}},"loc":{"start":{"line":75,"column":44},"end":{"line":88,"column":13}},"line":75},"8":{"name":"(anonymous_8)","decl":{"start":{"line":89,"column":32},"end":{"line":89,"column":33}},"loc":{"start":{"line":89,"column":38},"end":{"line":93,"column":13}},"line":89},"9":{"name":"(anonymous_9)","decl":{"start":{"line":97,"column":4},"end":{"line":97,"column":5}},"loc":{"start":{"line":97,"column":12},"end":{"line":100,"column":5}},"line":97},"10":{"name":"(anonymous_10)","decl":{"start":{"line":101,"column":4},"end":{"line":101,"column":5}},"loc":{"start":{"line":101,"column":13},"end":{"line":105,"column":5}},"line":101},"11":{"name":"(anonymous_11)","decl":{"start":{"line":106,"column":4},"end":{"line":106,"column":5}},"loc":{"start":{"line":106,"column":23},"end":{"line":122,"column":5}},"line":106},"12":{"name":"(anonymous_12)","decl":{"start":{"line":117,"column":30},"end":{"line":117,"column":31}},"loc":{"start":{"line":117,"column":40},"end":{"line":119,"column":13}},"line":117}},"branchMap":{"0":{"loc":{"start":{"line":46,"column":3},"end":{"line":46,"column":52}},"type":"binary-expr","locations":[{"start":{"line":46,"column":3},"end":{"line":46,"column":22}},{"start":{"line":46,"column":27},"end":{"line":46,"column":51}}],"line":46},"1":{"loc":{"start":{"line":66,"column":16},"end":{"line":68,"column":17}},"type":"if","locations":[{"start":{"line":66,"column":16},"end":{"line":68,"column":17}},{"start":{"line":66,"column":16},"end":{"line":68,"column":17}}],"line":66},"2":{"loc":{"start":{"line":76,"column":16},"end":{"line":86,"column":17}},"type":"if","locations":[{"start":{"line":76,"column":16},"end":{"line":86,"column":17}},{"start":{"line":76,"column":16},"end":{"line":86,"column":17}}],"line":76},"3":{"loc":{"start":{"line":76,"column":20},"end":{"line":77,"column":73}},"type":"binary-expr","locations":[{"start":{"line":76,"column":20},"end":{"line":76,"column":48}},{"start":{"line":77,"column":20},"end":{"line":77,"column":73}}],"line":76},"4":{"loc":{"start":{"line":103,"column":8},"end":{"line":103,"column":62}},"type":"binary-expr","locations":[{"start":{"line":103,"column":8},"end":{"line":103,"column":32}},{"start":{"line":103,"column":36},"end":{"line":103,"column":62}}],"line":103}},"s":{"0":1,"1":1,"2":1,"3":1,"4":0,"5":1,"6":1,"7":1,"8":1,"9":1,"10":1,"11":1,"12":1,"13":0,"14":0,"15":0,"16":0,"17":0,"18":0,"19":0,"20":0,"21":0,"22":0,"23":0,"24":0,"25":0,"26":0,"27":0,"28":0,"29":0,"30":0,"31":0,"32":0,"33":0,"34":0,"35":0,"36":0,"37":0,"38":0,"39":0,"40":0,"41":0,"42":0,"43":0,"44":0,"45":0,"46":0,"47":0,"48":0,"49":0,"50":0,"51":0},"f":{"0":0,"1":1,"2":0,"3":0,"4":0,"5":0,"6":0,"7":0,"8":0,"9":0,"10":0,"11":0,"12":0},"b":{"0":[1,1],"1":[0,0],"2":[0,0],"3":[0,0],"4":[0,0]},"_coverageSchema":"d34fc3e6b8297bcde183f5492bcb8fcb36775295","hash":"b87a17d74f4159091c1b76b4dd91a5881c0a49ba","contentHash":"c7aaf497d62084e926163531153e0f4c"},"/Users/hadrienchauvin/code/ts-grpc/lib/src/client/backoff.js":{"path":"/Users/hadrienchauvin/code/ts-grpc/lib/src/client/backoff.js","statementMap":{"0":{"start":{"line":13,"column":0},"end":{"line":13,"column":62}},"1":{"start":{"line":14,"column":0},"end":{"line":19,"column":2}},"2":{"start":{"line":21,"column":20},"end":{"line":22,"column":33}},"3":{"start":{"line":23,"column":4},"end":{"line":25,"column":5}},"4":{"start":{"line":24,"column":8},"end":{"line":24,"column":41}},"5":{"start":{"line":26,"column":4},"end":{"line":26,"column":21}},"6":{"start":{"line":28,"column":0},"end":{"line":28,"column":36}}},"fnMap":{"0":{"name":"getBackoffMs","decl":{"start":{"line":20,"column":9},"end":{"line":20,"column":21}},"loc":{"start":{"line":20,"column":40},"end":{"line":27,"column":1}},"line":20}},"branchMap":{"0":{"loc":{"start":{"line":23,"column":4},"end":{"line":25,"column":5}},"type":"if","locations":[{"start":{"line":23,"column":4},"end":{"line":25,"column":5}},{"start":{"line":23,"column":4},"end":{"line":25,"column":5}}],"line":23},"1":{"loc":{"start":{"line":23,"column":8},"end":{"line":23,"column":68}},"type":"binary-expr","locations":[{"start":{"line":23,"column":8},"end":{"line":23,"column":32}},{"start":{"line":23,"column":36},"end":{"line":23,"column":68}}],"line":23}},"s":{"0":1,"1":1,"2":0,"3":0,"4":0,"5":0,"6":1},"f":{"0":0},"b":{"0":[0,0],"1":[0,0]},"_coverageSchema":"d34fc3e6b8297bcde183f5492bcb8fcb36775295","hash":"9afce58fad8439897cea0009d2a92c4ecf3e7734","contentHash":"c2c12f8ddc8fdc28b571d45993453574"},"/Users/hadrienchauvin/code/ts-grpc/lib/src/client/service.js":{"path":"/Users/hadrienchauvin/code/ts-grpc/lib/src/client/service.js","statementMap":{"0":{"start":{"line":2,"column":0},"end":{"line":2,"column":62}},"1":{"start":{"line":10,"column":24},"end":{"line":10,"column":55}},"2":{"start":{"line":11,"column":17},"end":{"line":11,"column":36}},"3":{"start":{"line":12,"column":17},"end":{"line":12,"column":36}},"4":{"start":{"line":13,"column":16},"end":{"line":13,"column":41}},"5":{"start":{"line":14,"column":15},"end":{"line":14,"column":32}},"6":{"start":{"line":15,"column":25},"end":{"line":15,"column":52}},"7":{"start":{"line":25,"column":8},"end":{"line":25,"column":51}},"8":{"start":{"line":26,"column":8},"end":{"line":26,"column":45}},"9":{"start":{"line":37,"column":8},"end":{"line":37,"column":52}},"10":{"start":{"line":53,"column":8},"end":{"line":79,"column":11}},"11":{"start":{"line":55,"column":12},"end":{"line":78,"column":25}},"12":{"start":{"line":57,"column":16},"end":{"line":62,"column":17}},"13":{"start":{"line":58,"column":20},"end":{"line":58,"column":137}},"14":{"start":{"line":61,"column":20},"end":{"line":61,"column":34}},"15":{"start":{"line":65,"column":16},"end":{"line":65,"column":28}},"16":{"start":{"line":68,"column":16},"end":{"line":73,"column":17}},"17":{"start":{"line":69,"column":20},"end":{"line":69,"column":126}},"18":{"start":{"line":72,"column":20},"end":{"line":72,"column":36}},"19":{"start":{"line":76,"column":16},"end":{"line":76,"column":91}},"20":{"start":{"line":87,"column":8},"end":{"line":87,"column":60}},"21":{"start":{"line":110,"column":8},"end":{"line":122,"column":11}},"22":{"start":{"line":111,"column":12},"end":{"line":121,"column":13}},"23":{"start":{"line":112,"column":16},"end":{"line":112,"column":117}},"24":{"start":{"line":112,"column":34},"end":{"line":112,"column":116}},"25":{"start":{"line":112,"column":107},"end":{"line":112,"column":115}},"26":{"start":{"line":115,"column":16},"end":{"line":120,"column":18}},"27":{"start":{"line":118,"column":41},"end":{"line":118,"column":73}},"28":{"start":{"line":119,"column":20},"end":{"line":119,"column":36}},"29":{"start":{"line":125,"column":0},"end":{"line":125,"column":26}},"30":{"start":{"line":128,"column":8},"end":{"line":128,"column":16}},"31":{"start":{"line":129,"column":8},"end":{"line":129,"column":39}},"32":{"start":{"line":130,"column":8},"end":{"line":130,"column":45}},"33":{"start":{"line":131,"column":8},"end":{"line":142,"column":10}},"34":{"start":{"line":132,"column":12},"end":{"line":141,"column":15}},"35":{"start":{"line":132,"column":54},"end":{"line":132,"column":94}},"36":{"start":{"line":134,"column":16},"end":{"line":134,"column":59}},"37":{"start":{"line":137,"column":16},"end":{"line":137,"column":84}},"38":{"start":{"line":140,"column":16},"end":{"line":140,"column":62}},"39":{"start":{"line":145,"column":8},"end":{"line":145,"column":76}}},"fnMap":{"0":{"name":"(anonymous_0)","decl":{"start":{"line":24,"column":4},"end":{"line":24,"column":5}},"loc":{"start":{"line":24,"column":51},"end":{"line":27,"column":5}},"line":24},"1":{"name":"(anonymous_1)","decl":{"start":{"line":36,"column":4},"end":{"line":36,"column":5}},"loc":{"start":{"line":36,"column":28},"end":{"line":38,"column":5}},"line":36},"2":{"name":"(anonymous_2)","decl":{"start":{"line":52,"column":4},"end":{"line":52,"column":5}},"loc":{"start":{"line":52,"column":26},"end":{"line":80,"column":5}},"line":52},"3":{"name":"(anonymous_3)","decl":{"start":{"line":53,"column":27},"end":{"line":53,"column":28}},"loc":{"start":{"line":53,"column":47},"end":{"line":79,"column":9}},"line":53},"4":{"name":"(anonymous_4)","decl":{"start":{"line":56,"column":31},"end":{"line":56,"column":32}},"loc":{"start":{"line":56,"column":38},"end":{"line":63,"column":13}},"line":56},"5":{"name":"(anonymous_5)","decl":{"start":{"line":64,"column":29},"end":{"line":64,"column":30}},"loc":{"start":{"line":64,"column":36},"end":{"line":66,"column":13}},"line":64},"6":{"name":"(anonymous_6)","decl":{"start":{"line":67,"column":32},"end":{"line":67,"column":33}},"loc":{"start":{"line":67,"column":38},"end":{"line":74,"column":13}},"line":67},"7":{"name":"(anonymous_7)","decl":{"start":{"line":75,"column":32},"end":{"line":75,"column":33}},"loc":{"start":{"line":75,"column":38},"end":{"line":77,"column":13}},"line":75},"8":{"name":"(anonymous_8)","decl":{"start":{"line":86,"column":4},"end":{"line":86,"column":5}},"loc":{"start":{"line":86,"column":35},"end":{"line":88,"column":5}},"line":86},"9":{"name":"(anonymous_9)","decl":{"start":{"line":109,"column":4},"end":{"line":109,"column":5}},"loc":{"start":{"line":109,"column":11},"end":{"line":123,"column":5}},"line":109},"10":{"name":"(anonymous_10)","decl":{"start":{"line":110,"column":57},"end":{"line":110,"column":58}},"loc":{"start":{"line":110,"column":87},"end":{"line":122,"column":9}},"line":110},"11":{"name":"(anonymous_11)","decl":{"start":{"line":112,"column":23},"end":{"line":112,"column":24}},"loc":{"start":{"line":112,"column":34},"end":{"line":112,"column":116}},"line":112},"12":{"name":"(anonymous_12)","decl":{"start":{"line":112,"column":89},"end":{"line":112,"column":90}},"loc":{"start":{"line":112,"column":107},"end":{"line":112,"column":115}},"line":112},"13":{"name":"(anonymous_13)","decl":{"start":{"line":115,"column":23},"end":{"line":115,"column":24}},"loc":{"start":{"line":115,"column":42},"end":{"line":120,"column":17}},"line":115},"14":{"name":"(anonymous_14)","decl":{"start":{"line":127,"column":4},"end":{"line":127,"column":5}},"loc":{"start":{"line":127,"column":45},"end":{"line":143,"column":5}},"line":127},"15":{"name":"(anonymous_15)","decl":{"start":{"line":131,"column":22},"end":{"line":131,"column":23}},"loc":{"start":{"line":131,"column":43},"end":{"line":142,"column":9}},"line":131},"16":{"name":"(anonymous_16)","decl":{"start":{"line":132,"column":48},"end":{"line":132,"column":49}},"loc":{"start":{"line":132,"column":54},"end":{"line":132,"column":94}},"line":132},"17":{"name":"(anonymous_17)","decl":{"start":{"line":133,"column":29},"end":{"line":133,"column":30}},"loc":{"start":{"line":133,"column":35},"end":{"line":135,"column":13}},"line":133},"18":{"name":"(anonymous_18)","decl":{"start":{"line":136,"column":37},"end":{"line":136,"column":38}},"loc":{"start":{"line":136,"column":66},"end":{"line":138,"column":13}},"line":136},"19":{"name":"(anonymous_19)","decl":{"start":{"line":139,"column":32},"end":{"line":139,"column":33}},"loc":{"start":{"line":139,"column":38},"end":{"line":141,"column":13}},"line":139},"20":{"name":"(anonymous_20)","decl":{"start":{"line":144,"column":4},"end":{"line":144,"column":5}},"loc":{"start":{"line":144,"column":14},"end":{"line":146,"column":5}},"line":144}},"branchMap":{"0":{"loc":{"start":{"line":57,"column":16},"end":{"line":62,"column":17}},"type":"if","locations":[{"start":{"line":57,"column":16},"end":{"line":62,"column":17}},{"start":{"line":57,"column":16},"end":{"line":62,"column":17}}],"line":57},"1":{"loc":{"start":{"line":68,"column":16},"end":{"line":73,"column":17}},"type":"if","locations":[{"start":{"line":68,"column":16},"end":{"line":73,"column":17}},{"start":{"line":68,"column":16},"end":{"line":73,"column":17}}],"line":68},"2":{"loc":{"start":{"line":86,"column":14},"end":{"line":86,"column":33}},"type":"default-arg","locations":[{"start":{"line":86,"column":31},"end":{"line":86,"column":33}}],"line":86},"3":{"loc":{"start":{"line":111,"column":12},"end":{"line":121,"column":13}},"type":"if","locations":[{"start":{"line":111,"column":12},"end":{"line":121,"column":13}},{"start":{"line":111,"column":12},"end":{"line":121,"column":13}}],"line":111}},"s":{"0":1,"1":1,"2":1,"3":1,"4":1,"5":1,"6":1,"7":1,"8":1,"9":3,"10":1,"11":1,"12":1,"13":0,"14":1,"15":0,"16":1,"17":0,"18":1,"19":0,"20":0,"21":1,"22":2,"23":1,"24":2,"25":6,"26":1,"27":1,"28":1,"29":1,"30":0,"31":0,"32":0,"33":0,"34":0,"35":0,"36":0,"37":0,"38":0,"39":0},"f":{"0":1,"1":3,"2":1,"3":1,"4":1,"5":0,"6":1,"7":0,"8":0,"9":1,"10":2,"11":2,"12":6,"13":1,"14":0,"15":0,"16":0,"17":0,"18":0,"19":0,"20":0},"b":{"0":[0,1],"1":[0,1],"2":[0],"3":[1,1]},"_coverageSchema":"d34fc3e6b8297bcde183f5492bcb8fcb36775295","hash":"114c126a93daa6ee83b42acd7faabd1ff15ad29a","contentHash":"18b981c787292a09de3fadaef224587c"},"/Users/hadrienchauvin/code/ts-grpc/lib/src/client/stream.js":{"path":"/Users/hadrienchauvin/code/ts-grpc/lib/src/client/stream.js","statementMap":{"0":{"start":{"line":2,"column":0},"end":{"line":2,"column":62}},"1":{"start":{"line":14,"column":24},"end":{"line":14,"column":55}},"2":{"start":{"line":15,"column":17},"end":{"line":15,"column":36}},"3":{"start":{"line":16,"column":17},"end":{"line":16,"column":34}},"4":{"start":{"line":26,"column":4},"end":{"line":26,"column":46}},"5":{"start":{"line":28,"column":0},"end":{"line":28,"column":42}},"6":{"start":{"line":31,"column":8},"end":{"line":31,"column":16}},"7":{"start":{"line":32,"column":8},"end":{"line":32,"column":29}},"8":{"start":{"line":33,"column":8},"end":{"line":40,"column":11}},"9":{"start":{"line":34,"column":12},"end":{"line":39,"column":13}},"10":{"start":{"line":35,"column":16},"end":{"line":35,"column":50}},"11":{"start":{"line":38,"column":16},"end":{"line":38,"column":40}},"12":{"start":{"line":41,"column":8},"end":{"line":43,"column":11}},"13":{"start":{"line":42,"column":12},"end":{"line":42,"column":36}},"14":{"start":{"line":46,"column":8},"end":{"line":46,"column":28}},"15":{"start":{"line":47,"column":8},"end":{"line":47,"column":20}},"16":{"start":{"line":50,"column":8},"end":{"line":50,"column":29}},"17":{"start":{"line":51,"column":8},"end":{"line":51,"column":20}},"18":{"start":{"line":54,"column":8},"end":{"line":56,"column":9}},"19":{"start":{"line":55,"column":12},"end":{"line":55,"column":45}},"20":{"start":{"line":57,"column":8},"end":{"line":57,"column":40}},"21":{"start":{"line":58,"column":8},"end":{"line":58,"column":20}},"22":{"start":{"line":71,"column":4},"end":{"line":87,"column":7}},"23":{"start":{"line":72,"column":25},"end":{"line":72,"column":27}},"24":{"start":{"line":73,"column":8},"end":{"line":86,"column":21}},"25":{"start":{"line":75,"column":12},"end":{"line":75,"column":35}},"26":{"start":{"line":78,"column":12},"end":{"line":78,"column":24}},"27":{"start":{"line":81,"column":12},"end":{"line":81,"column":87}},"28":{"start":{"line":84,"column":12},"end":{"line":84,"column":29}},"29":{"start":{"line":89,"column":0},"end":{"line":89,"column":42}}},"fnMap":{"0":{"name":"transformStream","decl":{"start":{"line":25,"column":9},"end":{"line":25,"column":24}},"loc":{"start":{"line":25,"column":37},"end":{"line":27,"column":1}},"line":25},"1":{"name":"(anonymous_1)","decl":{"start":{"line":30,"column":4},"end":{"line":30,"column":5}},"loc":{"start":{"line":30,"column":28},"end":{"line":44,"column":5}},"line":30},"2":{"name":"(anonymous_2)","decl":{"start":{"line":33,"column":29},"end":{"line":33,"column":30}},"loc":{"start":{"line":33,"column":40},"end":{"line":40,"column":9}},"line":33},"3":{"name":"(anonymous_3)","decl":{"start":{"line":41,"column":27},"end":{"line":41,"column":28}},"loc":{"start":{"line":41,"column":34},"end":{"line":43,"column":9}},"line":41},"4":{"name":"(anonymous_4)","decl":{"start":{"line":45,"column":4},"end":{"line":45,"column":5}},"loc":{"start":{"line":45,"column":12},"end":{"line":48,"column":5}},"line":45},"5":{"name":"(anonymous_5)","decl":{"start":{"line":49,"column":4},"end":{"line":49,"column":5}},"loc":{"start":{"line":49,"column":13},"end":{"line":52,"column":5}},"line":49},"6":{"name":"(anonymous_6)","decl":{"start":{"line":53,"column":4},"end":{"line":53,"column":5}},"loc":{"start":{"line":53,"column":24},"end":{"line":59,"column":5}},"line":53},"7":{"name":"streamAsPromise","decl":{"start":{"line":70,"column":9},"end":{"line":70,"column":24}},"loc":{"start":{"line":70,"column":33},"end":{"line":88,"column":1}},"line":70},"8":{"name":"(anonymous_8)","decl":{"start":{"line":71,"column":23},"end":{"line":71,"column":24}},"loc":{"start":{"line":71,"column":43},"end":{"line":87,"column":5}},"line":71},"9":{"name":"(anonymous_9)","decl":{"start":{"line":74,"column":27},"end":{"line":74,"column":28}},"loc":{"start":{"line":74,"column":38},"end":{"line":76,"column":9}},"line":74},"10":{"name":"(anonymous_10)","decl":{"start":{"line":77,"column":25},"end":{"line":77,"column":26}},"loc":{"start":{"line":77,"column":32},"end":{"line":79,"column":9}},"line":77},"11":{"name":"(anonymous_11)","decl":{"start":{"line":80,"column":28},"end":{"line":80,"column":29}},"loc":{"start":{"line":80,"column":34},"end":{"line":82,"column":9}},"line":80},"12":{"name":"(anonymous_12)","decl":{"start":{"line":83,"column":28},"end":{"line":83,"column":29}},"loc":{"start":{"line":83,"column":34},"end":{"line":85,"column":9}},"line":83}},"branchMap":{"0":{"loc":{"start":{"line":54,"column":8},"end":{"line":56,"column":9}},"type":"if","locations":[{"start":{"line":54,"column":8},"end":{"line":56,"column":9}},{"start":{"line":54,"column":8},"end":{"line":56,"column":9}}],"line":54},"1":{"loc":{"start":{"line":54,"column":12},"end":{"line":54,"column":52}},"type":"binary-expr","locations":[{"start":{"line":54,"column":12},"end":{"line":54,"column":31}},{"start":{"line":54,"column":35},"end":{"line":54,"column":52}}],"line":54}},"s":{"0":1,"1":1,"2":1,"3":1,"4":2,"5":1,"6":2,"7":2,"8":2,"9":6,"10":6,"11":0,"12":2,"13":0,"14":2,"15":2,"16":1,"17":1,"18":17,"19":8,"20":9,"21":9,"22":2,"23":2,"24":2,"25":6,"26":0,"27":1,"28":2,"29":1},"f":{"0":2,"1":2,"2":6,"3":0,"4":2,"5":1,"6":17,"7":2,"8":2,"9":6,"10":0,"11":1,"12":2},"b":{"0":[8,9],"1":[17,13]},"_coverageSchema":"d34fc3e6b8297bcde183f5492bcb8fcb36775295","hash":"7206ee94c93fbe76fd70c9b713f43b3b834d46f1","contentHash":"6bd254e9ddc4f1ab66c17a7f75e301c0"},"/Users/hadrienchauvin/code/ts-grpc/lib/src/protocol/grpc_web/private/http_status.js":{"path":"/Users/hadrienchauvin/code/ts-grpc/lib/src/protocol/grpc_web/private/http_status.js","statementMap":{"0":{"start":{"line":2,"column":0},"end":{"line":2,"column":62}},"1":{"start":{"line":10,"column":10},"end":{"line":10,"column":27}},"2":{"start":{"line":11,"column":24},"end":{"line":11,"column":61}},"3":{"start":{"line":13,"column":0},"end":{"line":25,"column":2}},"4":{"start":{"line":30,"column":0},"end":{"line":30,"column":289}},"5":{"start":{"line":30,"column":128},"end":{"line":30,"column":147}}},"fnMap":{"0":{"name":"(anonymous_0)","decl":{"start":{"line":30,"column":105},"end":{"line":30,"column":106}},"loc":{"start":{"line":30,"column":128},"end":{"line":30,"column":147}},"line":30}},"branchMap":{},"s":{"0":1,"1":1,"2":1,"3":1,"4":1,"5":11},"f":{"0":11},"b":{},"_coverageSchema":"d34fc3e6b8297bcde183f5492bcb8fcb36775295","hash":"a5c87eca1d254f75819f2b7a9dcb361bf6665f08","contentHash":"02533ef0e2b158bb2582a6c5253c96f3"},"/Users/hadrienchauvin/code/ts-grpc/lib/src/protocol/grpc_web/private/grpc.js":{"path":"/Users/hadrienchauvin/code/ts-grpc/lib/src/protocol/grpc_web/private/grpc.js","statementMap":{"0":{"start":{"line":2,"column":0},"end":{"line":2,"column":62}},"1":{"start":{"line":12,"column":12},"end":{"line":12,"column":31}},"2":{"start":{"line":13,"column":10},"end":{"line":13,"column":27}},"3":{"start":{"line":14,"column":26},"end":{"line":14,"column":52}},"4":{"start":{"line":18,"column":0},"end":{"line":21,"column":2}},"5":{"start":{"line":23,"column":0},"end":{"line":35,"column":2}},"6":{"start":{"line":37,"column":0},"end":{"line":37,"column":132}},"7":{"start":{"line":37,"column":110},"end":{"line":37,"column":129}},"8":{"start":{"line":40,"column":23},"end":{"line":40,"column":54}},"9":{"start":{"line":41,"column":4},"end":{"line":44,"column":5}},"10":{"start":{"line":43,"column":8},"end":{"line":43,"column":20}},"11":{"start":{"line":45,"column":24},"end":{"line":45,"column":65}},"12":{"start":{"line":46,"column":4},"end":{"line":50,"column":6}},"13":{"start":{"line":52,"column":0},"end":{"line":52,"column":66}},"14":{"start":{"line":55,"column":16},"end":{"line":55,"column":25}},"15":{"start":{"line":56,"column":4},"end":{"line":57,"column":37}},"16":{"start":{"line":58,"column":4},"end":{"line":58,"column":56}},"17":{"start":{"line":59,"column":4},"end":{"line":59,"column":52}},"18":{"start":{"line":61,"column":0},"end":{"line":61,"column":66}},"19":{"start":{"line":63,"column":24},"end":{"line":63,"column":63}},"20":{"start":{"line":64,"column":4},"end":{"line":72,"column":5}},"21":{"start":{"line":65,"column":8},"end":{"line":71,"column":9}},"22":{"start":{"line":66,"column":29},"end":{"line":66,"column":43}},"23":{"start":{"line":67,"column":12},"end":{"line":67,"column":42}},"24":{"start":{"line":70,"column":12},"end":{"line":70,"column":24}},"25":{"start":{"line":73,"column":4},"end":{"line":73,"column":16}}},"fnMap":{"0":{"name":"(anonymous_0)","decl":{"start":{"line":37,"column":87},"end":{"line":37,"column":88}},"loc":{"start":{"line":37,"column":110},"end":{"line":37,"column":129}},"line":37},"1":{"name":"getGrpcWebErrorFromMetadata","decl":{"start":{"line":39,"column":9},"end":{"line":39,"column":36}},"loc":{"start":{"line":39,"column":47},"end":{"line":51,"column":1}},"line":39},"2":{"name":"getMetadataFromGrpcWebError","decl":{"start":{"line":54,"column":9},"end":{"line":54,"column":36}},"loc":{"start":{"line":54,"column":44},"end":{"line":60,"column":1}},"line":54},"3":{"name":"getStatusFromMetadata","decl":{"start":{"line":62,"column":9},"end":{"line":62,"column":30}},"loc":{"start":{"line":62,"column":40},"end":{"line":74,"column":1}},"line":62}},"branchMap":{"0":{"loc":{"start":{"line":41,"column":4},"end":{"line":44,"column":5}},"type":"if","locations":[{"start":{"line":41,"column":4},"end":{"line":44,"column":5}},{"start":{"line":41,"column":4},"end":{"line":44,"column":5}}],"line":41},"1":{"loc":{"start":{"line":41,"column":8},"end":{"line":41,"column":47}},"type":"binary-expr","locations":[{"start":{"line":41,"column":8},"end":{"line":41,"column":24}},{"start":{"line":41,"column":28},"end":{"line":41,"column":47}}],"line":41},"2":{"loc":{"start":{"line":47,"column":19},"end":{"line":48,"column":52}},"type":"binary-expr","locations":[{"start":{"line":47,"column":19},"end":{"line":47,"column":63}},{"start":{"line":48,"column":12},"end":{"line":48,"column":52}}],"line":47},"3":{"loc":{"start":{"line":49,"column":17},"end":{"line":49,"column":76}},"type":"cond-expr","locations":[{"start":{"line":49,"column":57},"end":{"line":49,"column":71}},{"start":{"line":49,"column":74},"end":{"line":49,"column":76}}],"line":49},"4":{"loc":{"start":{"line":49,"column":17},"end":{"line":49,"column":54}},"type":"binary-expr","locations":[{"start":{"line":49,"column":17},"end":{"line":49,"column":28}},{"start":{"line":49,"column":32},"end":{"line":49,"column":54}}],"line":49},"5":{"loc":{"start":{"line":56,"column":41},"end":{"line":57,"column":9}},"type":"binary-expr","locations":[{"start":{"line":56,"column":41},"end":{"line":56,"column":90}},{"start":{"line":57,"column":8},"end":{"line":57,"column":9}}],"line":56},"6":{"loc":{"start":{"line":64,"column":4},"end":{"line":72,"column":5}},"type":"if","locations":[{"start":{"line":64,"column":4},"end":{"line":72,"column":5}},{"start":{"line":64,"column":4},"end":{"line":72,"column":5}}],"line":64}},"s":{"0":1,"1":1,"2":1,"3":1,"4":1,"5":1,"6":1,"7":11,"8":6,"9":6,"10":6,"11":0,"12":0,"13":1,"14":0,"15":0,"16":0,"17":0,"18":1,"19":6,"20":6,"21":0,"22":0,"23":0,"24":0,"25":6},"f":{"0":11,"1":6,"2":0,"3":6},"b":{"0":[6,0],"1":[6,6],"2":[0,0],"3":[0,0],"4":[0,0],"5":[0,0],"6":[0,6]},"_coverageSchema":"d34fc3e6b8297bcde183f5492bcb8fcb36775295","hash":"609d17cc7059f679504c223f8f262e5ff54b7342","contentHash":"e844d424291cef7d62e36f75bb9917ef"},"/Users/hadrienchauvin/code/ts-grpc/lib/src/protocol/grpc_web/private/method_url.js":{"path":"/Users/hadrienchauvin/code/ts-grpc/lib/src/protocol/grpc_web/private/method_url.js","statementMap":{"0":{"start":{"line":7,"column":0},"end":{"line":7,"column":62}},"1":{"start":{"line":9,"column":4},"end":{"line":9,"column":65}},"2":{"start":{"line":11,"column":0},"end":{"line":11,"column":44}},"3":{"start":{"line":13,"column":4},"end":{"line":13,"column":50}},"4":{"start":{"line":15,"column":0},"end":{"line":15,"column":44}}},"fnMap":{"0":{"name":"getFullMethodUrl","decl":{"start":{"line":8,"column":9},"end":{"line":8,"column":25}},"loc":{"start":{"line":8,"column":33},"end":{"line":10,"column":1}},"line":8},"1":{"name":"isLowerCamelCase","decl":{"start":{"line":12,"column":9},"end":{"line":12,"column":25}},"loc":{"start":{"line":12,"column":38},"end":{"line":14,"column":1}},"line":12}},"branchMap":{"0":{"loc":{"start":{"line":9,"column":14},"end":{"line":9,"column":46}},"type":"binary-expr","locations":[{"start":{"line":9,"column":14},"end":{"line":9,"column":40}},{"start":{"line":9,"column":44},"end":{"line":9,"column":46}}],"line":9}},"s":{"0":1,"1":0,"2":1,"3":2,"4":1},"f":{"0":0,"1":2},"b":{"0":[0,0]},"_coverageSchema":"d34fc3e6b8297bcde183f5492bcb8fcb36775295","hash":"6aabbed747208e3cb67863707e38bb968a2df5f6","contentHash":"bf03982469f15663a40d501a731446b0"},"/Users/hadrienchauvin/code/ts-grpc/lib/src/protocol/helpers.js":{"path":"/Users/hadrienchauvin/code/ts-grpc/lib/src/protocol/helpers.js","statementMap":{"0":{"start":{"line":2,"column":0},"end":{"line":2,"column":62}},"1":{"start":{"line":3,"column":12},"end":{"line":3,"column":25}},"2":{"start":{"line":6,"column":4},"end":{"line":6,"column":34}},"3":{"start":{"line":8,"column":0},"end":{"line":8,"column":38}},"4":{"start":{"line":11,"column":4},"end":{"line":11,"column":90}},"5":{"start":{"line":13,"column":0},"end":{"line":13,"column":52}}},"fnMap":{"0":{"name":"isUnaryMethod","decl":{"start":{"line":5,"column":9},"end":{"line":5,"column":22}},"loc":{"start":{"line":5,"column":57},"end":{"line":7,"column":1}},"line":5},"1":{"name":"isServerStreamMethod","decl":{"start":{"line":10,"column":9},"end":{"line":10,"column":29}},"loc":{"start":{"line":10,"column":64},"end":{"line":12,"column":1}},"line":10}},"branchMap":{},"s":{"0":1,"1":1,"2":1,"3":1,"4":3,"5":1},"f":{"0":1,"1":3},"b":{},"_coverageSchema":"d34fc3e6b8297bcde183f5492bcb8fcb36775295","hash":"3ecd5d00884af68a0b3a4e0c1707c5c7b895b365","contentHash":"8f6a710832fd6c803e9805eaa718c960"},"/Users/hadrienchauvin/code/ts-grpc/lib/src/protocol/grpc_web/text_json_codec.js":{"path":"/Users/hadrienchauvin/code/ts-grpc/lib/src/protocol/grpc_web/text_json_codec.js","statementMap":{"0":{"start":{"line":2,"column":0},"end":{"line":2,"column":62}},"1":{"start":{"line":3,"column":15},"end":{"line":3,"column":40}},"2":{"start":{"line":4,"column":26},"end":{"line":4,"column":52}},"3":{"start":{"line":9,"column":13},"end":{"line":9,"column":19}},"4":{"start":{"line":16,"column":8},"end":{"line":16,"column":48}},"5":{"start":{"line":20,"column":8},"end":{"line":20,"column":58}},"6":{"start":{"line":24,"column":24},"end":{"line":24,"column":26}},"7":{"start":{"line":25,"column":8},"end":{"line":33,"column":9}},"8":{"start":{"line":26,"column":27},"end":{"line":26,"column":51}},"9":{"start":{"line":27,"column":12},"end":{"line":32,"column":13}},"10":{"start":{"line":28,"column":37},"end":{"line":28,"column":49}},"11":{"start":{"line":29,"column":16},"end":{"line":30,"column":29}},"12":{"start":{"line":30,"column":20},"end":{"line":30,"column":29}},"13":{"start":{"line":31,"column":16},"end":{"line":31,"column":56}},"14":{"start":{"line":34,"column":8},"end":{"line":34,"column":53}},"15":{"start":{"line":38,"column":8},"end":{"line":38,"column":58}},"16":{"start":{"line":42,"column":8},"end":{"line":42,"column":54}},"17":{"start":{"line":46,"column":8},"end":{"line":46,"column":61}},"18":{"start":{"line":50,"column":8},"end":{"line":50,"column":86}},"19":{"start":{"line":53,"column":0},"end":{"line":53,"column":52}}},"fnMap":{"0":{"name":"(anonymous_0)","decl":{"start":{"line":15,"column":4},"end":{"line":15,"column":5}},"loc":{"start":{"line":15,"column":21},"end":{"line":17,"column":5}},"line":15},"1":{"name":"(anonymous_1)","decl":{"start":{"line":19,"column":4},"end":{"line":19,"column":5}},"loc":{"start":{"line":19,"column":36},"end":{"line":21,"column":5}},"line":19},"2":{"name":"(anonymous_2)","decl":{"start":{"line":23,"column":4},"end":{"line":23,"column":5}},"loc":{"start":{"line":23,"column":28},"end":{"line":35,"column":5}},"line":23},"3":{"name":"(anonymous_3)","decl":{"start":{"line":37,"column":4},"end":{"line":37,"column":5}},"loc":{"start":{"line":37,"column":36},"end":{"line":39,"column":5}},"line":37},"4":{"name":"(anonymous_4)","decl":{"start":{"line":41,"column":4},"end":{"line":41,"column":5}},"loc":{"start":{"line":41,"column":36},"end":{"line":43,"column":5}},"line":41},"5":{"name":"(anonymous_5)","decl":{"start":{"line":45,"column":4},"end":{"line":45,"column":5}},"loc":{"start":{"line":45,"column":43},"end":{"line":47,"column":5}},"line":45},"6":{"name":"(anonymous_6)","decl":{"start":{"line":49,"column":4},"end":{"line":49,"column":5}},"loc":{"start":{"line":49,"column":34},"end":{"line":51,"column":5}},"line":49}},"branchMap":{"0":{"loc":{"start":{"line":29,"column":16},"end":{"line":30,"column":29}},"type":"if","locations":[{"start":{"line":29,"column":16},"end":{"line":30,"column":29}},{"start":{"line":29,"column":16},"end":{"line":30,"column":29}}],"line":29}},"s":{"0":1,"1":1,"2":1,"3":1,"4":9,"5":7,"6":3,"7":3,"8":0,"9":0,"10":0,"11":0,"12":0,"13":0,"14":3,"15":3,"16":3,"17":7,"18":0,"19":1},"f":{"0":9,"1":7,"2":3,"3":3,"4":3,"5":7,"6":0},"b":{"0":[0,0]},"_coverageSchema":"d34fc3e6b8297bcde183f5492bcb8fcb36775295","hash":"3a1e26c9515ad8824299ca18171853934f3fb366","contentHash":"088c9b3c6f84da6b462c718780f1d650"},"/Users/hadrienchauvin/code/ts-grpc/lib/src/protocol/grpc_web/private/utf8.js":{"path":"/Users/hadrienchauvin/code/ts-grpc/lib/src/protocol/grpc_web/private/utf8.js","statementMap":{"0":{"start":{"line":2,"column":0},"end":{"line":2,"column":62}},"1":{"start":{"line":14,"column":14},"end":{"line":14,"column":45}},"2":{"start":{"line":15,"column":0},"end":{"line":15,"column":30}},"3":{"start":{"line":16,"column":20},"end":{"line":18,"column":20}},"4":{"start":{"line":19,"column":20},"end":{"line":21,"column":27}},"5":{"start":{"line":26,"column":4},"end":{"line":26,"column":35}},"6":{"start":{"line":28,"column":0},"end":{"line":28,"column":32}},"7":{"start":{"line":33,"column":4},"end":{"line":33,"column":37}},"8":{"start":{"line":35,"column":0},"end":{"line":35,"column":32}}},"fnMap":{"0":{"name":"encodeUtf8","decl":{"start":{"line":25,"column":9},"end":{"line":25,"column":19}},"loc":{"start":{"line":25,"column":25},"end":{"line":27,"column":1}},"line":25},"1":{"name":"decodeUtf8","decl":{"start":{"line":32,"column":9},"end":{"line":32,"column":19}},"loc":{"start":{"line":32,"column":27},"end":{"line":34,"column":1}},"line":32}},"branchMap":{"0":{"loc":{"start":{"line":16,"column":25},"end":{"line":18,"column":17}},"type":"cond-expr","locations":[{"start":{"line":17,"column":6},"end":{"line":17,"column":33}},{"start":{"line":18,"column":6},"end":{"line":18,"column":17}}],"line":16},"1":{"loc":{"start":{"line":19,"column":25},"end":{"line":21,"column":17}},"type":"cond-expr","locations":[{"start":{"line":20,"column":6},"end":{"line":20,"column":33}},{"start":{"line":21,"column":6},"end":{"line":21,"column":17}}],"line":19}},"s":{"0":1,"1":1,"2":1,"3":1,"4":1,"5":13,"6":1,"7":10,"8":1},"f":{"0":13,"1":10},"b":{"0":[1,0],"1":[1,0]},"_coverageSchema":"d34fc3e6b8297bcde183f5492bcb8fcb36775295","hash":"908f4521335eb6e5fa7ab00928911664432abaec","contentHash":"1905c01ce5bd9b35db32139701a3b431"},"/Users/hadrienchauvin/code/ts-grpc/lib/src/protocol/grpc_web/client.js":{"path":"/Users/hadrienchauvin/code/ts-grpc/lib/src/protocol/grpc_web/client.js","statementMap":{"0":{"start":{"line":2,"column":0},"end":{"line":2,"column":62}},"1":{"start":{"line":14,"column":12},"end":{"line":14,"column":28}},"2":{"start":{"line":15,"column":18},"end":{"line":15,"column":51}},"3":{"start":{"line":16,"column":22},"end":{"line":16,"column":54}},"4":{"start":{"line":17,"column":20},"end":{"line":17,"column":72}},"5":{"start":{"line":18,"column":15},"end":{"line":18,"column":40}},"6":{"start":{"line":19,"column":26},"end":{"line":19,"column":52}},"7":{"start":{"line":20,"column":22},"end":{"line":20,"column":65}},"8":{"start":{"line":21,"column":26},"end":{"line":21,"column":54}},"9":{"start":{"line":22,"column":15},"end":{"line":22,"column":32}},"10":{"start":{"line":27,"column":18},"end":{"line":27,"column":79}},"11":{"start":{"line":28,"column":25},"end":{"line":28,"column":106}},"12":{"start":{"line":28,"column":61},"end":{"line":28,"column":105}},"13":{"start":{"line":29,"column":4},"end":{"line":29,"column":202}},"14":{"start":{"line":29,"column":83},"end":{"line":29,"column":200}},"15":{"start":{"line":31,"column":0},"end":{"line":31,"column":44}},"16":{"start":{"line":36,"column":0},"end":{"line":55,"column":52}},"17":{"start":{"line":38,"column":4},"end":{"line":38,"column":46}},"18":{"start":{"line":40,"column":4},"end":{"line":40,"column":66}},"19":{"start":{"line":42,"column":4},"end":{"line":42,"column":46}},"20":{"start":{"line":44,"column":4},"end":{"line":44,"column":42}},"21":{"start":{"line":46,"co
[...]
column":4},"end":{"line":54,"column":64}},"26":{"start":{"line":58,"column":8},"end":{"line":58,"column":16}},"27":{"start":{"line":59,"column":8},"end":{"line":59,"column":23}},"28":{"start":{"line":60,"column":8},"end":{"line":60,"column":29}},"29":{"start":{"line":61,"column":8},"end":{"line":61,"column":41}},"30":{"start":{"line":62,"column":8},"end":{"line":62,"column":61}},"31":{"start":{"line":63,"column":8},"end":{"line":63,"column":27}},"32":{"start":{"line":64,"column":8},"end":{"line":64,"column":31}},"33":{"start":{"line":69,"column":8},"end":{"line":69,"column":59}},"34":{"start":{"line":75,"column":8},"end":{"line":75,"column":36}},"35":{"start":{"line":77,"column":8},"end":{"line":77,"column":48}},"36":{"start":{"line":81,"column":8},"end":{"line":81,"column":53}},"37":{"start":{"line":82,"column":8},"end":{"line":82,"column":58}},"38":{"start":{"line":83,"column":26},"end":{"line":168,"column":10}},"39":{"start":{"line":87,"column":44},"end":{"line":116,"column":54}},"40":{"start":{"line":89,"column":16},"end":{"line":89,"column":55}},"41":{"start":{"line":90,"column":16},"end":{"line":114,"column":17}},"42":{"start":{"line":93,"column":24},"end":{"line":93,"column":37}},"43":{"start":{"line":94,"column":24},"end":{"line":94,"column":30}},"44":{"start":{"line":110,"column":24},"end":{"line":110,"column":30}},"45":{"start":{"line":116,"column":30},"end":{"line":116,"column":53}},"46":{"start":{"line":118,"column":16},"end":{"line":142,"column":17}},"47":{"start":{"line":120,"column":24},"end":{"line":120,"column":64}},"48":{"start":{"line":121,"column":24},"end":{"line":121,"column":30}},"49":{"start":{"line":123,"column":24},"end":{"line":123,"column":49}},"50":{"start":{"line":124,"column":24},"end":{"line":124,"column":30}},"51":{"start":{"line":127,"column":24},"end":{"line":127,"column":31}},"52":{"start":{"line":145,"column":16},"end":{"line":147,"column":17}},"53":{"start":{"line":146,"column":20},"end":{"line":146,"column":27}},"54":{"start":{"line":148,"column":16},"end":{"line":166,"column":17}},"55":{"start":{"line":149,"column":20},"end":{"line":149,"column":58}},"56":{"start":{"line":152,"column":20},"end":{"line":158,"column":21}},"57":{"start":{"line":154,"column":24},"end":{"line":154,"column":182}},"58":{"start":{"line":161,"column":20},"end":{"line":164,"column":21}},"59":{"start":{"line":162,"column":24},"end":{"line":162,"column":73}},"60":{"start":{"line":163,"column":24},"end":{"line":163,"column":31}},"61":{"start":{"line":165,"column":20},"end":{"line":165,"column":31}},"62":{"start":{"line":175,"column":8},"end":{"line":175,"column":35}},"63":{"start":{"line":176,"column":8},"end":{"line":187,"column":11}},"64":{"start":{"line":179,"column":12},"end":{"line":179,"column":225}},"65":{"start":{"line":180,"column":12},"end":{"line":180,"column":52}},"66":{"start":{"line":181,"column":12},"end":{"line":181,"column":144}},"67":{"start":{"line":182,"column":12},"end":{"line":182,"column":40}},"68":{"start":{"line":185,"column":12},"end":{"line":185,"column":50}},"69":{"start":{"line":186,"column":12},"end":{"line":186,"column":81}},"70":{"start":{"line":188,"column":8},"end":{"line":188,"column":20}},"71":{"start":{"line":192,"column":8},"end":{"line":194,"column":9}},"72":{"start":{"line":193,"column":12},"end":{"line":193,"column":36}},"73":{"start":{"line":195,"column":8},"end":{"line":195,"column":49}},"74":{"start":{"line":196,"column":8},"end":{"line":196,"column":30}},"75":{"start":{"line":197,"column":8},"end":{"line":197,"column":20}},"76":{"start":{"line":201,"column":39},"end":{"line":201,"column":41}},"77":{"start":{"line":202,"column":8},"end":{"line":204,"column":11}},"78":{"start":{"line":203,"column":12},"end":{"line":203,"column":53}},"79":{"start":{"line":205,"column":32},"end":{"line":205,"column":111}},"80":{"start":{"line":206,"column":22},"end":{"line":206,"column":65}},"81":{"start":{"line":207,"column":8},"end":{"line":210,"column":9}},"82":{"start":{"line":208,"column":12},"end":{"line":208,"column":36}},"83":{"start":{"line":209,"column":12},"end":{"line":209,"column":106}},"84":{"start":{"line":211,"column":8},"end":{"line":214,"column":9}},"85":{"start":{"line":212,"column":30},"end":{"line":212,"column":66}},"86":{"start":{"line":213,"column":12},"end":{"line":213,"column":125}},"87":{"start":{"line":215,"column":8},"end":{"line":215,"column":31}},"88":{"start":{"line":219,"column":8},"end":{"line":244,"column":9}},"89":{"start":{"line":220,"column":12},"end":{"line":243,"column":13}},"90":{"start":{"line":222,"column":37},"end":{"line":222,"column":86}},"91":{"start":{"line":223,"column":20},"end":{"line":226,"column":23}},"92":{"start":{"line":227,"column":20},"end":{"line":227,"column":26}},"93":{"start":{"line":230,"column":34},"end":{"line":230,"column":84}},"94":{"start":{"line":231,"column":20},"end":{"line":237,"column":21}},"95":{"start":{"line":232,"column":24},"end":{"line":232,"column":62}},"96":{"start":{"line":233,"column":24},"end":{"line":233,"column":137}},"97":{"start":{"line":236,"column":24},"end":{"line":236,"column":73}},"98":{"start":{"line":238,"column":20},"end":{"line":238,"column":26}},"99":{"start":{"line":248,"column":33},"end":{"line":248,"column":83}},"100":{"start":{"line":249,"column":8},"end":{"line":249,"column":46}},"101":{"start":{"line":250,"column":8},"end":{"line":250,"column":27}},"102":{"start":{"line":251,"column":8},"end":{"line":253,"column":9}},"103":{"start":{"line":252,"column":12},"end":{"line":252,"column":37}},"104":{"start":{"line":254,"column":8},"end":{"line":256,"column":9}},"105":{"start":{"line":255,"column":12},"end":{"line":255,"column":23}},"106":{"start":{"line":260,"column":8},"end":{"line":267,"column":9}},"107":{"start":{"line":261,"column":12},"end":{"line":261,"column":53}},"108":{"start":{"line":262,"column":12},"end":{"line":262,"column":34}},"109":{"start":{"line":264,"column":13},"end":{"line":267,"column":9}},"110":{"start":{"line":266,"column":12},"end":{"line":266,"column":117}},"111":{"start":{"line":281,"column":4},"end":{"line":282,"column":77}}},"fnMap":{"0":{"name":"getGrpcWebClient","decl":{"start":{"line":26,"column":9},"end":{"line":26,"column":25}},"loc":{"start":{"line":26,"column":78},"end":{"line":30,"column":1}},"line":26},"1":{"name":"(anonymous_1)","decl":{"start":{"line":28,"column":50},"end":{"line":28,"column":51}},"loc":{"start":{"line":28,"column":61},"end":{"line":28,"column":105}},"line":28},"2":{"name":"(anonymous_2)","decl":{"start":{"line":29,"column":62},"end":{"line":29,"column":63}},"loc":{"start":{"line":29,"column":83},"end":{"line":29,"column":200}},"line":29},"3":{"name":"(anonymous_3)","decl":{"start":{"line":36,"column":1},"end":{"line":36,"column":2}},"loc":{"start":{"line":36,"column":31},"end":{"line":55,"column":1}},"line":36},"4":{"name":"(anonymous_4)","decl":{"start":{"line":57,"column":4},"end":{"line":57,"column":5}},"loc":{"start":{"line":57,"column":83},"end":{"line":78,"column":5}},"line":57},"5":{"name":"(anonymous_5)","decl":{"start":{"line":80,"column":4},"end":{"line":80,"column":5}},"loc":{"start":{"line":80,"column":12},"end":{"line":189,"column":5}},"line":80},"6":{"name":"(anonymous_6)","decl":{"start":{"line":87,"column":23},"end":{"line":87,"column":24}},"loc":{"start":{"line":87,"column":44},"end":{"line":116,"column":54}},"line":87},"7":{"name":"(anonymous_7)","decl":{"start":{"line":88,"column":22},"end":{"line":88,"column":23}},"loc":{"start":{"line":88,"column":41},"end":{"line":115,"column":13}},"line":88},"8":{"name":"(anonymous_8)","decl":{"start":{"line":116,"column":23},"end":{"line":116,"column":24}},"loc":{"start":{"line":116,"column":30},"end":{"line":116,"column":53}},"line":116},"9":{"name":"(anonymous_9)","decl":{"start":{"line":117,"column":21},"end":{"line":117,"column":22}},"loc":{"start":{"line":117,"column":45},"end":{"line":143,"column":13}},"line":117},"10":{"name":"(anonymous_10)","decl":{"start":{"line":144,"column":19},"end":{"line":144,"column":20}},"loc":{"start":{"line":144,"column":26},"end":{"line":167,"column":13}},"line":144},"11":{"name":"(anonymous_11)","decl":{"start":{"line":178,"column":18},"end":{"line":178,"column":19}},"loc":{"start":{"line":178,"column":36},"end":{"line":183,"column":9}},"line":178},"12":{"name":"(anonymous_12)","decl":{"start":{"line":184,"column":19},"end":{"line":184,"column":20}},"loc":{"start":{"line":184,"column":26},"end":{"line":187,"column":9}},"line":184},"13":{"name":"(anonymous_13)","decl":{"start":{"line":191,"column":4},"end":{"line":191,"column":5}},"loc":{"start":{"line":191,"column":13},"end":{"line":198,"column":5}},"line":191},"14":{"name":"(anonymous_14)","decl":{"start":{"line":200,"column":4},"end":{"line":200,"column":5}},"loc":{"start":{"line":200,"column":37},"end":{"line":216,"column":5}},"line":200},"15":{"name":"(anonymous_15)","decl":{"start":{"line":202,"column":24},"end":{"line":202,"column":25}},"loc":{"start":{"line":202,"column":42},"end":{"line":204,"column":9}},"line":202},"16":{"name":"(anonymous_16)","decl":{"start":{"line":218,"column":4},"end":{"line":218,"column":5}},"loc":{"start":{"line":218,"column":24},"end":{"line":245,"column":5}},"line":218},"17":{"name":"(anonymous_17)","decl":{"start":{"line":247,"column":4},"end":{"line":247,"column":5}},"loc":{"start":{"line":247,"column":12},"end":{"line":257,"column":5}},"line":247},"18":{"name":"(anonymous_18)","decl":{"start":{"line":259,"column":4},"end":{"line":259,"column":5}},"loc":{"start":{"line":259,"column":10},"end":{"line":268,"column":5}},"line":259},"19":{"name":"guessErrorTypeFromHttpStatus","decl":{"start":{"line":280,"column":9},"end":{"line":280,"column":37}},"loc":{"start":{"line":280,"column":50},"end":{"line":283,"column":1}},"line":280}},"branchMap":{"0":{"loc":{"start":{"line":27,"column":18},"end":{"line":27,"column":79}},"type":"binary-expr","locations":[{"start":{"line":27,"column":18},"end":{"line":27,"column":31}},{"start":{"line":27,"column":35},"end":{"line":27,"column":79}}],"line":27},"1":{"loc":{"start":{"line":28,"column":25},"end":{"line":28,"column":106}},"type":"binary-expr","locations":[{"start":{"line":28,"column":25},"end":{"line":28,"column":45}},{"start":{"line":28,"column":50},"end":{"line":28,"column":105}}],"line":28},"2":{"loc":{"start":{"line":55,"column":3},"end":{"line":55,"column":50}},"type":"binary-expr","locations":[{"start":{"line":55,"column":3},"end":{"line":55,"column":21}},{"start":{"line":55,"column":26},"end":{"line":55,"column":49}}],"line":55},"3":{"loc":{"start":{"line":90,"column":16},"end":{"line":114,"column":17}},"type":"switch","locations":[{"start":{"line":91,"column":20},"end":{"line":91,"column":52}},{"start":{"line":92,"column":20},"end":{"line":94,"column":30}},{"start":{"line":108,"column":20},"end":{"line":108,"column":53}},{"start":{"line":109,"column":20},"end":{"line":110,"column":30}}],"line":90},"4":{"loc":{"start":{"line":118,"column":16},"end":{"line":142,"column":17}},"type":"switch","locations":[{"start":{"line":119,"column":20},"end":{"line":121,"column":30}},{"start":{"line":122,"column":20},"end":{"line":124,"column":30}},{"start":{"line":125,"column":20},"end":{"line":125,"column":53}},{"start":{"line":126,"column":20},"end":{"line":127,"column":31}}],"line":118},"5":{"loc":{"start":{"line":145,"column":16},"end":{"line":147,"column":17}},"type":"if","locations":[{"start":{"line":145,"column":16},"end":{"line":147,"column":17}},{"start":{"line":145,"column":16},"end":{"line":147,"column":17}}],"line":145},"6":{"loc":{"start":{"line":148,"column":16},"end":{"line":166,"column":17}},"type":"if","locations":[{"start":{"line":148,"column":16},"end":{"line":166,"column":17}},{"start":{"line":148,"column":16},"end":{"line":166,"column":17}}],"line":148},"7":{"loc":{"start":{"line":152,"column":20},"end":{"line":158,"column":21}},"type":"if","locations":[{"start":{"line":152,"column":20},"end":{"line":158,"column":21}}],"line":152},"8":{"loc":{"start":{"line":154,"column":128},"end":{"line":154,"column":179}},"type":"binary-expr","locations":[{"start":{"line":154,"column":128},"end":{"line":154,"column":137}}],"line":154},"9":{"loc":{"start":{"line":161,"column":20},"end":{"line":164,"column":21}},"type":"if","locations":[{"start":{"line":161,"column":20},"end":{"line":164,"column":21}},{"start":{"line":161,"column":20},"end":{"line":164,"column":21}}],"line":161},"10":{"loc":{"start":{"line":181,"column":77},"end":{"line":181,"column":141}},"type":"cond-expr","locations":[{"start":{"line":181,"column":112},"end":{"line":181,"column":126}},{"start":{"line":181,"column":129},"end":{"line":181,"column":141}}],"line":181},"11":{"loc":{"start":{"line":192,"column":8},"end":{"line":194,"column":9}},"type":"if","locations":[{"start":{"line":192,"column":8},"end":{"line":194,"column":9}},{"start":{"line":192,"column":8},"end":{"line":194,"column":9}}],"line":192},"12":{"loc":{"start":{"line":207,"column":8},"end":{"line":210,"column":9}},"type":"if","locations":[{"start":{"line":207,"column":8},"end":{"line":210,"column":9}},{"start":{"line":207,"column":8},"end":{"line":210,"column":9}}],"line":207},"13":{"loc":{"start":{"line":211,"column":8},"end":{"line":214,"column":9}},"type":"if","locations":[{"start":{"line":211,"column":8},"end":{"line":214,"column":9}},{"start":{"line":211,"column":8},"end":{"line":214,"column":9}}],"line":211},"14":{"loc":{"start":{"line":220,"column":12},"end":{"line":243,"column":13}},"type":"switch","locations":[{"start":{"line":221,"column":16},"end":{"line":228,"column":17}},{"start":{"line":229,"column":16},"end":{"line":239,"column":17}}],"line":220},"15":{"loc":{"start":{"line":231,"column":20},"end":{"line":237,"column":21}},"type":"if","locations":[{"start":{"line":231,"column":20},"end":{"line":237,"column":21}},{"start":{"line":231,"column":20},"end":{"line":237,"column":21}}],"line":231},"16":{"loc":{"start":{"line":254,"column":8},"end":{"line":256,"column":9}},"type":"if","locations":[{"start":{"line":254,"column":8},"end":{"line":256,"column":9}},{"start":{"line":254,"column":8},"end":{"line":256,"column":9}}],"line":254},"17":{"loc":{"start":{"line":260,"column":8},"end":{"line":267,"column":9}},"type":"if","locations":[{"start":{"line":260,"column":8},"end":{"line":267,"column":9}},{"start":{"line":260,"column":8},"end":{"line":267,"column":9}}],"line":260},"18":{"loc":{"start":{"line":264,"column":13},"end":{"line":267,"column":9}},"type":"if","locations":[{"start":{"line":264,"column":13},"end":{"line":267,"column":9}},{"start":{"line":264,"column":13},"end":{"line":267,"column":9}}],"line":264},"19":{"loc":{"start":{"line":281,"column":12},"end":{"line":282,"column":75}},"type":"binary-expr","locations":[{"start":{"line":281,"column":12},"end":{"line":281,"column":62}}],"line":281}},"s":{"0":1,"1":1,"2":1,"3":1,"4":1,"5":1,"6":1,"7":1,"8":1,"9":1,"10":1,"11":1,"12":3,"13":1,"14":3,"15":1,"16":1,"17":1,"18":1,"19":1,"20":1,"21":1,"22":1,"23":1,"24":1,"25":1,"26":3,"27":3,"28":3,"29":3,"30":3,"31":3,"32":3,"33":3,"34":3,"35":3,"36":3,"37":3,"38":3,"39":3,"40":3,"41":3,"42":3,"43":3,"44":0,"45":0,"46":10,"47":4,"48":4,"49":6,"50":6,"51":0,"52":3,"53":0,"54":3,"55":0,"56":0,"57":0,"58":3,"59":1,"60":1,"61":2,"62":3,"63":3,"64":3,"65":3,"66":3,"67":3,"68":0,"69":0,"70":3,"71":1,"72":1,"73":1,"74":1,"75":1,"76":3,"77":3,"78":12,"79":3,"80":3,"81":3,"82":0,"83":0,"84":3,"85":0,"86":0,"87":3,"88":10,"89":10,"90":7,"91":7,"92":7,"93":3,"94":3,"95":0,"96":0,"97":3,"98":3,"99":3,"100":3,"101":3,"102":3,"103":4,"104":3,"105":1,"106":3,"107":3,"108":3,"109":0,"110":0,"111":0},"f":{"0":1,"1":3,"2":3,"3":1,"4":3,"5":3,"6":3,"7":3,"8":0,"9":10,"10":3,"11":3,"12":0,"13":1,"14":3,"15":12,"16":10,"17":3,"18":3,"19":0},"b":{"0":[1,1],"1":[1,1],"2":[1,1],"3":[2,3,0,0],"4":[4,6,0,0],"5":[0,3],"6":[0,3],"7":[0],"8":[0],"9":[1,2],"10":[0,3],"11":[1,0],"12":[0,3],"13":[0,3],"14":[7,3],"15":[0,3],"16":[1,2],"17":[3,0],"18":[0,0],"19":[0]},"_coverageSchema":"d34fc3e6b8297bcde183f5492bcb8fcb36775295","hash":"8221ccb97d0045fb53d31fe61d56a003b5a4168d","contentHash":"4faa81e463943b4789d6adf10cb3ad26"},"/Users/hadrienchauvin/code/ts-grpc/lib/src/utils/type_utils.js":{"path":"/Users/hadrienchauvin/code/ts-grpc/lib/src/utils/type_utils.js","statementMap":{"0":{"start":{"line":9,"column":0},"end":{"line":9,"column":62}},"1":{"start":{"line":22,"column":0},"end":{"line":22,"column":46}}},"fnMap":{},"branchMap":{},"s":{"0":1,"1":1},"f":{},"b":{},"_coverageSchema":"d34fc3e6b8297bcde183f5492bcb8fcb36775295","hash":"0e086ce76e2449f624884d70729c297201dd853b","contentHash":"2c473821337470d9fd38bac3b0d4a25e"},"/Users/hadrienchauvin/code/ts-grpc/lib/examples/server_stream/service.js":{"path":"/Users/hadrienchauvin/code/ts-grpc/lib/examples/server_stream/service.js","statementMap":{"0":{"start":{"line":2,"column":0},"end":{"line":2,"column":62}},"1":{"start":{"line":10,"column":24},"end":{"line":10,"column":62}},"2":{"start":{"line":12,"column":0},"end":{"line":27,"column":2}}},"fnMap":{},"branchMap":{},"s":{"0":1,"1":1,"2":1},"f":{},"b":{},"_coverageSchema":"d34fc3e6b8297bcde183f5492bcb8fcb36775295","hash":"48de562aaed96f1ea0593c486f4de918847d288f","contentHash":"bb68d8f25e67cade99fb1beb5a3dc87e"},"/Users/hadrienchauvin/code/ts-grpc/lib/examples/server_stream/handler.js":{"path":"/Users/hadrienchauvin/code/ts-grpc/lib/examples/server_stream/handler.js","statementMap":{"0":{"start":{"line":2,"column":0},"end":{"line":2,"column":62}},"1":{"start":{"line":9,"column":0},"end":{"line":32,"column":2}},"2":{"start":{"line":10,"column":4},"end":{"line":31,"column":6}},"3":{"start":{"line":12,"column":12},"end":{"line":12,"column":40}},"4":{"start":{"line":18,"column":25},"end":{"line":18,"column":30}},"5":{"start":{"line":19,"column":12},"end":{"line":21,"column":15}},"6":{"start":{"line":20,"column":16},"end":{"line":20,"column":30}},"7":{"start":{"line":22,"column":12},"end":{"line":29,"column":13}},"8":{"start":{"line":24,"column":16},"end":{"line":26,"column":17}},"9":{"start":{"line":25,"column":20},"end":{"line":25,"column":26}},"10":{"start":{"line":27,"column":16},"end":{"line":27,"column":39}},"11":{"start":{"line":28,"column":16},"end":{"line":28,"column":37}},"12":{"start":{"line":37,"column":4},"end":{"line":37,"column":57}},"13":{"start":{"line":37,"column":28},"end":{"line":37,"column":55}}},"fnMap":{"0":{"name":"(anonymous_0)","decl":{"start":{"line":9,"column":27},"end":{"line":9,"column":28}},"loc":{"start":{"line":9,"column":33},"end":{"line":32,"column":1}},"line":9},"1":{"name":"(anonymous_1)","decl":{"start":{"line":11,"column":8},"end":{"line":11,"column":9}},"loc":{"start":{"line":11,"column":35},"end":{"line":13,"column":9}},"line":11},"2":{"name":"(anonymous_2)","decl":{"start":{"line":15,"column":8},"end":{"line":15,"column":9}},"loc":{"start":{"line":15,"column":70},"end":{"line":30,"column":9}},"line":15},"3":{"name":"(anonymous_3)","decl":{"start":{"line":19,"column":20},"end":{"line":19,"column":21}},"loc":{"start":{"line":19,"column":26},"end":{"line":21,"column":13}},"line":19},"4":{"name":"sleep","decl":{"start":{"line":36,"column":15},"end":{"line":36,"column":20}},"loc":{"start":{"line":36,"column":35},"end":{"line":38,"column":1}},"line":36},"5":{"name":"(anonymous_5)","decl":{"start":{"line":37,"column":23},"end":{"line":37,"column":24}},"loc":{"start":{"line":37,"column":28},"end":{"line":37,"column":55}},"line":37}},"branchMap":{"0":{"loc":{"start":{"line":24,"column":16},"end":{"line":26,"column":17}},"type":"if","locations":[{"start":{"line":24,"column":16},"end":{"line":26,"column":17}},{"start":{"line":24,"column":16},"end":{"line":26,"column":17}}],"line":24}},"s":{"0":1,"1":1,"2":1,"3":1,"4":2,"5":2,"6":0,"7":2,"8":6,"9":0,"10":6,"11":6,"12":6,"13":6},"f":{"0":1,"1":1,"2":2,"3":0,"4":6,"5":6},"b":{"0":[0,6]},"_coverageSchema":"d34fc3e6b8297bcde183f5492bcb8fcb36775295","hash":"1d494d76691689dbc715aa8caa314a7dfda6ff4c","contentHash":"768ef1738697f07d712ce48830affff1"}}